2025-04-29 13:38:36,203 [INFO] Activator:176 - 


2025-04-29 13:38:36,206 [INFO] Activator:177 - !SESSION log4j initialized
2025-04-29 13:38:42,944 [INFO] LogOutputStream:77 - [STDOUT_REDIRECT] 
2025-04-29 13:38:48,536 [INFO] ApplicationProperties:184 - Using Application install path: C:\ST\STM32CubeIDE_1.18.0\STM32CubeIDE\plugins\com.st.stm32cube.common.mx_6.14.0.202502271554
2025-04-29 13:38:48,572 [INFO] DbMcusXml:78 - Set database path to: C:\ST\STM32CubeIDE_1.18.0\STM32CubeIDE\plugins\com.st.stm32cube.common.mx_6.14.0.202502271554\\db\/mcu/
2025-04-29 13:38:48,573 [INFO] ApiDb:274 - Set plugin database path to: C:\ST\STM32CubeIDE_1.18.0\STM32CubeIDE\plugins\com.st.stm32cube.common.mx_6.14.0.202502271554\\db\/plugins/boardmanager/
2025-04-29 13:38:48,574 [WARN] ApiDb:259 - Overriding images path with different value:  => C:\ST\STM32CubeIDE_1.18.0\STM32CubeIDE\plugins\com.st.stm32cube.common.mx_6.14.0.202502271554\\db\/plugins/mcufinder/images/
2025-04-29 13:38:48,596 [INFO] ApiDb:250 - Set database path to: C:\Users\sarab\.stmcufinder\plugins\mcufinder//mcu/
2025-04-29 13:38:48,598 [INFO] DbMcusAds:125 - Set database path to: C:\Users\sarab\.stmcufinder\plugins\mcufinder//mcu/
2025-04-29 13:38:48,602 [INFO] CrossReferenceDbSqlite:203 - Set database path to: C:\Users\sarab\.stmcufinder\plugins\mcufinder//mcu/cs/
2025-04-29 13:38:48,836 [INFO] RulesReader:64 - Compatibility file has been processed (301 Rules)
2025-04-29 13:38:49,017 [INFO] DbMcusXml:78 - Set database path to: C:\ST\STM32CubeIDE_1.18.0\STM32CubeIDE\plugins\com.st.stm32cube.common.mx_6.14.0.202502271554\\db\/mcu/
2025-04-29 13:38:49,017 [INFO] ApiDb:274 - Set plugin database path to: C:\ST\STM32CubeIDE_1.18.0\STM32CubeIDE\plugins\com.st.stm32cube.common.mx_6.14.0.202502271554\\db\/plugins/boardmanager/
2025-04-29 13:38:49,018 [INFO] ApiDb:261 - Set plugin images path to: C:\ST\STM32CubeIDE_1.18.0\STM32CubeIDE\plugins\com.st.stm32cube.common.mx_6.14.0.202502271554\\db\/plugins/mcufinder/images/
2025-04-29 13:38:49,019 [WARN] DbFile:41 - Overriding database path with different value: C:\Users\sarab\.stmcufinder\plugins\mcufinder/ => C:\Users\sarab\.stmcufinder\plugins\mcufinder
2025-04-29 13:38:49,019 [INFO] ApiDb:250 - Set database path to: C:\Users\sarab\.stmcufinder\plugins\mcufinder//mcu/
2025-04-29 13:38:49,019 [WARN] DbFile:41 - Overriding database path with different value: C:\Users\sarab\.stmcufinder\plugins\mcufinder/ => C:\Users\sarab\.stmcufinder\plugins\mcufinder
2025-04-29 13:38:49,019 [INFO] DbMcusAds:125 - Set database path to: C:\Users\sarab\.stmcufinder\plugins\mcufinder//mcu/
2025-04-29 13:38:49,020 [WARN] DbFile:41 - Overriding database path with different value: C:\Users\sarab\.stmcufinder\plugins\mcufinder/ => C:\Users\sarab\.stmcufinder\plugins\mcufinder
2025-04-29 13:38:49,020 [WARN] DbFile:41 - Overriding database path with different value: C:\Users\sarab\.stmcufinder\plugins\mcufinder/ => C:\Users\sarab\.stmcufinder\plugins\mcufinder
2025-04-29 13:38:49,020 [INFO] CrossReferenceDbSqlite:203 - Set database path to: C:\Users\sarab\.stmcufinder\plugins\mcufinder//mcu/cs/
2025-04-29 13:38:49,182 [INFO] MainPanel:272 - HeapMemory: 268435456
2025-04-29 13:38:49,395 [INFO] DbMcusXml:78 - Set database path to: C:\ST\STM32CubeIDE_1.18.0\STM32CubeIDE\plugins\com.st.stm32cube.common.mx_6.14.0.202502271554\\db\/mcu/
2025-04-29 13:38:49,395 [INFO] ApiDb:274 - Set plugin database path to: C:\ST\STM32CubeIDE_1.18.0\STM32CubeIDE\plugins\com.st.stm32cube.common.mx_6.14.0.202502271554\\db\/plugins/boardmanager/
2025-04-29 13:38:49,395 [INFO] ApiDb:261 - Set plugin images path to: C:\ST\STM32CubeIDE_1.18.0\STM32CubeIDE\plugins\com.st.stm32cube.common.mx_6.14.0.202502271554\\db\/plugins/mcufinder/images/
2025-04-29 13:38:49,396 [WARN] DbFile:41 - Overriding database path with different value: C:\Users\sarab\.stmcufinder\plugins\mcufinder/ => C:\Users\sarab\.stmcufinder\plugins\mcufinder
2025-04-29 13:38:49,396 [INFO] ApiDb:250 - Set database path to: C:\Users\sarab\.stmcufinder\plugins\mcufinder//mcu/
2025-04-29 13:38:49,396 [WARN] DbFile:41 - Overriding database path with different value: C:\Users\sarab\.stmcufinder\plugins\mcufinder/ => C:\Users\sarab\.stmcufinder\plugins\mcufinder
2025-04-29 13:38:49,396 [INFO] DbMcusAds:125 - Set database path to: C:\Users\sarab\.stmcufinder\plugins\mcufinder//mcu/
2025-04-29 13:38:49,397 [WARN] DbFile:41 - Overriding database path with different value: C:\Users\sarab\.stmcufinder\plugins\mcufinder/ => C:\Users\sarab\.stmcufinder\plugins\mcufinder
2025-04-29 13:38:49,397 [WARN] DbFile:41 - Overriding database path with different value: C:\Users\sarab\.stmcufinder\plugins\mcufinder/ => C:\Users\sarab\.stmcufinder\plugins\mcufinder
2025-04-29 13:38:49,397 [INFO] CrossReferenceDbSqlite:203 - Set database path to: C:\Users\sarab\.stmcufinder\plugins\mcufinder//mcu/cs/
2025-04-29 13:38:49,435 [INFO] ApplicationProperties:184 - Using Application install path: C:\ST\STM32CubeIDE_1.18.0\STM32CubeIDE\plugins\com.st.stm32cube.common.mx_6.14.0.202502271554
2025-04-29 13:38:49,438 [INFO] PluginManage:196 - Search for loadable plugins [exclusion list=, ]
2025-04-29 13:38:49,442 [INFO] PluginManage:310 - Check plugin analytics
2025-04-29 13:38:49,838 [INFO] AnalyticsPlugin:253 - Accepted Software Licenses: 
2025-04-29 13:38:49,839 [INFO] AnalyticsPlugin:255 - Accepted CMSIS Pack Licenses: 
2025-04-29 13:38:49,840 [INFO] AnalyticsPlugin:257 - Accepted Firmware Licenses: 
2025-04-29 13:38:49,847 [INFO] PluginManage:359 - Loaded plugin analytics (category:tool,tabindex:-1)
2025-04-29 13:38:49,848 [INFO] PluginManage:310 - Check plugin cadmodel
2025-04-29 13:38:49,865 [INFO] CADModel:105 - Init CAD model plugin
2025-04-29 13:38:49,866 [INFO] PluginManage:359 - Loaded plugin cadmodel (category:power,tabindex:5)
2025-04-29 13:38:49,867 [INFO] PluginManage:310 - Check plugin clock
2025-04-29 13:38:49,889 [INFO] PluginManage:359 - Loaded plugin clock (category:base,tabindex:2)
2025-04-29 13:38:49,890 [INFO] PluginManage:310 - Check plugin ddr
2025-04-29 13:38:49,895 [INFO] PluginManage:359 - Loaded plugin ddr (category:tool,tabindex:6)
2025-04-29 13:38:49,896 [INFO] PluginManage:310 - Check plugin filemanager
2025-04-29 13:38:50,427 [INFO] PluginManage:359 - Loaded plugin filemanager (category:base,tabindex:10)
2025-04-29 13:38:50,428 [INFO] PluginManage:310 - Check plugin ipmanager
2025-04-29 13:38:50,453 [INFO] PluginManage:359 - Loaded plugin ipmanager (category:base,tabindex:5)
2025-04-29 13:38:50,454 [INFO] PluginManage:310 - Check plugin lpbam
2025-04-29 13:38:50,482 [INFO] PluginManage:359 - Loaded plugin lpbam (category:base,tabindex:0)
2025-04-29 13:38:50,482 [INFO] PluginManage:310 - Check plugin memorymap
2025-04-29 13:38:50,531 [INFO] PluginManage:359 - Loaded plugin memorymap (category:base,tabindex:4)
2025-04-29 13:38:50,532 [INFO] PluginManage:310 - Check plugin pinoutandconfiguration
2025-04-29 13:38:50,561 [INFO] PluginManage:359 - Loaded plugin pinoutandconfiguration (category:base,tabindex:1)
2025-04-29 13:38:50,561 [INFO] PluginManage:310 - Check plugin pinoutconfig
2025-04-29 13:38:50,838 [WARN] SupportedApi:132 - Cannot load RTOS API schema: s4s-elt-must-match.1: The content of 'definitions' must match (annotation?, (simpleType | complexType)?, (unique | key | keyref)*)). A problem was found starting at: attribute.
2025-04-29 13:38:51,308 [INFO] PluginManage:359 - Loaded plugin pinoutconfig (category:base,tabindex:0)
2025-04-29 13:38:51,309 [INFO] PluginManage:310 - Check plugin power
2025-04-29 13:38:51,337 [INFO] PluginManage:359 - Loaded plugin power (category:power,tabindex:4)
2025-04-29 13:38:51,338 [INFO] PluginManage:310 - Check plugin projectmanager
2025-04-29 13:38:51,383 [INFO] PluginManage:359 - Loaded plugin projectmanager (category:projectmanager,tabindex:4)
2025-04-29 13:38:51,383 [INFO] PluginManage:310 - Check plugin rif
2025-04-29 13:38:51,400 [INFO] PluginManage:359 - Loaded plugin rif (category:base,tabindex:3)
2025-04-29 13:38:51,401 [INFO] PluginManage:310 - Check plugin thirdparty
2025-04-29 13:38:51,775 [INFO] PluginManage:359 - Loaded plugin thirdparty (category:base,tabindex:-1)
2025-04-29 13:38:51,775 [WARN] IntegrityCheckThread:84 - waiting for thirdparty lock release [integrity check]
2025-04-29 13:38:51,777 [INFO] IntegrityCheckThread:86 - entering critical section [integrity check]
2025-04-29 13:38:51,778 [INFO] PluginManage:310 - Check plugin tools
2025-04-29 13:38:51,778 [INFO] ThirdPartyUpdaterWithRetryManager:70 - Updater plugin not ready yet. [1/15]
2025-04-29 13:38:51,784 [INFO] PluginManage:359 - Loaded plugin tools (category:base,tabindex:7)
2025-04-29 13:38:51,785 [INFO] PluginManage:310 - Check plugin tutovideos
2025-04-29 13:38:52,163 [INFO] PluginManage:359 - Loaded plugin tutovideos (category:base,tabindex:-1)
2025-04-29 13:38:52,163 [INFO] PluginManage:310 - Check plugin updater
2025-04-29 13:38:52,209 [INFO] PluginManage:359 - Loaded plugin updater (category:base,tabindex:12)
2025-04-29 13:38:52,209 [INFO] PluginManage:310 - Check plugin userauth
2025-04-29 13:38:52,218 [INFO] UserAuth:118 - Init User Auth plugin
2025-04-29 13:38:52,220 [INFO] PluginManage:359 - Loaded plugin userauth (category:base,tabindex:14)
2025-04-29 13:38:52,221 [INFO] PluginManage:283 - PluginManage : Loaded plugins [18]
2025-04-29 13:38:52,674 [INFO] PinOutPanel:1589 - setPackage(No Configuration,No Configuration)
2025-04-29 13:38:52,863 [INFO] CADModel:165 - CPN selected for project level
2025-04-29 13:38:52,864 [INFO] CADModel:114 - Register for checkConnection events
2025-04-29 13:38:52,911 [INFO] IPUIPlugin:80 - create IPUIPlugin
2025-04-29 13:38:52,912 [INFO] PluginManager:220 - loadIPPluginJar : add adc
2025-04-29 13:38:52,919 [INFO] IPUIPlugin:80 - create IPUIPlugin
2025-04-29 13:38:52,920 [INFO] PluginManager:220 - loadIPPluginJar : add aes
2025-04-29 13:38:52,928 [INFO] IPUIPlugin:80 - create IPUIPlugin
2025-04-29 13:38:52,929 [INFO] PluginManager:220 - loadIPPluginJar : add can
2025-04-29 13:38:52,935 [INFO] IPUIPlugin:80 - create IPUIPlugin
2025-04-29 13:38:52,935 [INFO] PluginManager:220 - loadIPPluginJar : add comp
2025-04-29 13:38:52,942 [INFO] IPUIPlugin:80 - create IPUIPlugin
2025-04-29 13:38:52,943 [INFO] PluginManager:220 - loadIPPluginJar : add cryp
2025-04-29 13:38:52,950 [INFO] IPUIPlugin:80 - create IPUIPlugin
2025-04-29 13:38:52,951 [INFO] PluginManager:220 - loadIPPluginJar : add ddr_ctrl_phy
2025-04-29 13:38:52,958 [INFO] IPUIPlugin:80 - create IPUIPlugin
2025-04-29 13:38:52,958 [INFO] PluginManager:220 - loadIPPluginJar : add dfsdm
2025-04-29 13:38:52,972 [INFO] IPUIPlugin:80 - create IPUIPlugin
2025-04-29 13:38:52,973 [INFO] PluginManager:220 - loadIPPluginJar : add dma
2025-04-29 13:38:52,980 [INFO] IPUIPlugin:80 - create IPUIPlugin
2025-04-29 13:38:52,981 [INFO] PluginManager:220 - loadIPPluginJar : add dma3
2025-04-29 13:38:52,988 [INFO] IPUIPlugin:80 - create IPUIPlugin
2025-04-29 13:38:52,988 [INFO] PluginManager:220 - loadIPPluginJar : add extmemmanager
2025-04-29 13:38:52,992 [INFO] IPUIPlugin:80 - create IPUIPlugin
2025-04-29 13:38:52,993 [INFO] PluginManager:220 - loadIPPluginJar : add fatfs
2025-04-29 13:38:53,005 [INFO] IPUIPlugin:80 - create IPUIPlugin
2025-04-29 13:38:53,006 [INFO] PluginManager:220 - loadIPPluginJar : add fmc
2025-04-29 13:38:53,019 [INFO] IPUIPlugin:80 - create IPUIPlugin
2025-04-29 13:38:53,020 [INFO] PluginManager:220 - loadIPPluginJar : add freertos
2025-04-29 13:38:53,024 [INFO] IPUIPlugin:80 - create IPUIPlugin
2025-04-29 13:38:53,025 [INFO] PluginManager:220 - loadIPPluginJar : add genericplugin
2025-04-29 13:38:53,030 [INFO] IPUIPlugin:80 - create IPUIPlugin
2025-04-29 13:38:53,031 [INFO] PluginManager:220 - loadIPPluginJar : add gfxmmu
2025-04-29 13:38:53,042 [INFO] IPUIPlugin:80 - create IPUIPlugin
2025-04-29 13:38:53,043 [INFO] PluginManager:220 - loadIPPluginJar : add gic
2025-04-29 13:38:53,054 [INFO] IPUIPlugin:80 - create IPUIPlugin
2025-04-29 13:38:53,054 [INFO] PluginManager:220 - loadIPPluginJar : add gpio
2025-04-29 13:38:53,062 [INFO] IPUIPlugin:80 - create IPUIPlugin
2025-04-29 13:38:53,062 [INFO] PluginManager:220 - loadIPPluginJar : add gtzc
2025-04-29 13:38:53,068 [INFO] IPUIPlugin:80 - create IPUIPlugin
2025-04-29 13:38:53,068 [INFO] PluginManager:220 - loadIPPluginJar : add hash
2025-04-29 13:38:53,076 [INFO] IPUIPlugin:80 - create IPUIPlugin
2025-04-29 13:38:53,076 [INFO] PluginManager:220 - loadIPPluginJar : add i2c
2025-04-29 13:38:53,083 [INFO] IPUIPlugin:80 - create IPUIPlugin
2025-04-29 13:38:53,084 [INFO] PluginManager:220 - loadIPPluginJar : add i2s
2025-04-29 13:38:53,092 [INFO] IPUIPlugin:80 - create IPUIPlugin
2025-04-29 13:38:53,093 [INFO] PluginManager:220 - loadIPPluginJar : add i3c
2025-04-29 13:38:53,103 [INFO] IPUIPlugin:80 - create IPUIPlugin
2025-04-29 13:38:53,106 [INFO] PluginManager:220 - loadIPPluginJar : add ipddr
2025-04-29 13:38:53,126 [INFO] IPUIPlugin:80 - create IPUIPlugin
2025-04-29 13:38:53,127 [INFO] PluginManager:220 - loadIPPluginJar : add linkedlist
2025-04-29 13:38:53,139 [INFO] IPUIPlugin:80 - create IPUIPlugin
2025-04-29 13:38:53,139 [INFO] PluginManager:220 - loadIPPluginJar : add lorawan
2025-04-29 13:38:53,143 [INFO] IPUIPlugin:80 - create IPUIPlugin
2025-04-29 13:38:53,145 [INFO] PluginManager:220 - loadIPPluginJar : add ltdc
2025-04-29 13:38:53,160 [INFO] IPUIPlugin:80 - create IPUIPlugin
2025-04-29 13:38:53,160 [INFO] PluginManager:220 - loadIPPluginJar : add mdma
2025-04-29 13:38:53,171 [INFO] IPUIPlugin:80 - create IPUIPlugin
2025-04-29 13:38:53,171 [INFO] PluginManager:220 - loadIPPluginJar : add nvic
2025-04-29 13:38:53,182 [INFO] IPUIPlugin:80 - create IPUIPlugin
2025-04-29 13:38:53,182 [INFO] PluginManager:220 - loadIPPluginJar : add opamp
2025-04-29 13:38:53,194 [INFO] IPUIPlugin:80 - create IPUIPlugin
2025-04-29 13:38:53,194 [INFO] PluginManager:220 - loadIPPluginJar : add openamp
2025-04-29 13:38:53,202 [INFO] IPUIPlugin:80 - create IPUIPlugin
2025-04-29 13:38:53,203 [INFO] PluginManager:220 - loadIPPluginJar : add pdm2pcm
2025-04-29 13:38:53,219 [INFO] IPUIPlugin:80 - create IPUIPlugin
2025-04-29 13:38:53,224 [INFO] PluginManager:220 - loadIPPluginJar : add plateformsettings
2025-04-29 13:38:53,230 [INFO] IPUIPlugin:80 - create IPUIPlugin
2025-04-29 13:38:53,230 [INFO] PluginManager:220 - loadIPPluginJar : add quadspi
2025-04-29 13:38:53,237 [INFO] IPUIPlugin:80 - create IPUIPlugin
2025-04-29 13:38:53,238 [INFO] PluginManager:220 - loadIPPluginJar : add radio
2025-04-29 13:38:53,248 [INFO] IPUIPlugin:80 - create IPUIPlugin
2025-04-29 13:38:53,248 [INFO] PluginManager:220 - loadIPPluginJar : add resmgrutility
2025-04-29 13:38:53,258 [INFO] IPUIPlugin:80 - create IPUIPlugin
2025-04-29 13:38:53,259 [INFO] PluginManager:220 - loadIPPluginJar : add sai
2025-04-29 13:38:53,266 [INFO] IPUIPlugin:80 - create IPUIPlugin
2025-04-29 13:38:53,267 [INFO] PluginManager:220 - loadIPPluginJar : add spi
2025-04-29 13:38:53,282 [INFO] IPUIPlugin:80 - create IPUIPlugin
2025-04-29 13:38:53,282 [INFO] PluginManager:220 - loadIPPluginJar : add stm32_wpan
2025-04-29 13:38:53,288 [INFO] IPUIPlugin:80 - create IPUIPlugin
2025-04-29 13:38:53,288 [INFO] PluginManager:220 - loadIPPluginJar : add tim
2025-04-29 13:38:53,298 [INFO] IPUIPlugin:80 - create IPUIPlugin
2025-04-29 13:38:53,300 [INFO] PluginManager:220 - loadIPPluginJar : add touchsensing
2025-04-29 13:38:53,306 [INFO] IPUIPlugin:80 - create IPUIPlugin
2025-04-29 13:38:53,306 [INFO] PluginManager:220 - loadIPPluginJar : add tracer_emb
2025-04-29 13:38:53,312 [INFO] IPUIPlugin:80 - create IPUIPlugin
2025-04-29 13:38:53,312 [INFO] PluginManager:220 - loadIPPluginJar : add ts
2025-04-29 13:38:53,316 [INFO] IPUIPlugin:80 - create IPUIPlugin
2025-04-29 13:38:53,317 [INFO] PluginManager:220 - loadIPPluginJar : add tsc
2025-04-29 13:38:53,322 [INFO] IPUIPlugin:80 - create IPUIPlugin
2025-04-29 13:38:53,322 [INFO] PluginManager:220 - loadIPPluginJar : add ucpd
2025-04-29 13:38:53,329 [INFO] IPUIPlugin:80 - create IPUIPlugin
2025-04-29 13:38:53,329 [INFO] PluginManager:220 - loadIPPluginJar : add usart
2025-04-29 13:38:53,337 [INFO] IPUIPlugin:80 - create IPUIPlugin
2025-04-29 13:38:53,338 [INFO] PluginManager:220 - loadIPPluginJar : add usbx
2025-04-29 13:38:53,561 [FATAL] Updater:351 - Updater called before beeing initialized
2025-04-29 13:38:53,650 [INFO] RulesReader:64 - Compatibility file has been processed (301 Rules)
2025-04-29 13:38:53,693 [INFO] RulesReader:64 - Compatibility file has been processed (301 Rules)
2025-04-29 13:38:53,757 [INFO] CADModel:165 - CPN selected for project level
2025-04-29 13:38:53,758 [INFO] CADModel:114 - Register for checkConnection events
2025-04-29 13:38:53,759 [FATAL] Updater:351 - Updater called before beeing initialized
2025-04-29 13:38:53,759 [ERROR] CADModel:125 - Updater not yet initialized, retry later 
2025-04-29 13:38:54,200 [FATAL] Updater:351 - Updater called before beeing initialized
2025-04-29 13:38:54,205 [INFO] CADModel:165 - CPN selected for project level
2025-04-29 13:38:54,205 [INFO] CADModel:114 - Register for checkConnection events
2025-04-29 13:38:54,206 [FATAL] Updater:351 - Updater called before beeing initialized
2025-04-29 13:38:54,206 [ERROR] CADModel:125 - Updater not yet initialized, retry later 
2025-04-29 13:38:54,213 [FATAL] Updater:351 - Updater called before beeing initialized
2025-04-29 13:38:54,505 [FATAL] Updater:351 - Updater called before beeing initialized
2025-04-29 13:38:54,515 [INFO] DbMcusAds:53 - JSON generation date=Thu Mar 06 06:54:21 PST 2025 (1741272861825)
2025-04-29 13:38:54,516 [FATAL] Updater:351 - Updater called before beeing initialized
2025-04-29 13:38:54,607 [WARN] DetailPanel:346 - Failed to get advertising image, set to default
2025-04-29 13:38:54,779 [INFO] ThirdPartyUpdaterWithRetryManager:70 - Updater plugin not ready yet. [2/15]
2025-04-29 13:38:55,102 [FATAL] Updater:351 - Updater called before beeing initialized
2025-04-29 13:38:55,106 [FATAL] Updater:351 - Updater called before beeing initialized
2025-04-29 13:38:55,106 [FATAL] Updater:351 - Updater called before beeing initialized
2025-04-29 13:38:55,107 [WARN] DetailPanel:346 - Failed to get advertising image, set to default
2025-04-29 13:38:55,108 [FATAL] Updater:351 - Updater called before beeing initialized
2025-04-29 13:38:55,210 [ERROR] Updater:1198 - MainUpdater not yet initialized. External WinMGr cannot be set.
2025-04-29 13:38:55,215 [INFO] Updater:1134 - Updater Version found : 6.14.0
2025-04-29 13:38:55,260 [INFO] ApplicationProperties:184 - Using Application install path: C:\ST\STM32CubeIDE_1.18.0\STM32CubeIDE\plugins\com.st.stm32cube.common.mx_6.14.0.202502271554
2025-04-29 13:38:56,855 [ERROR] LogOutputStream:75 - [STDERR_REDIRECT] Apr 29, 2025 1:38:56 PM java.util.prefs.WindowsPreferences <init>
2025-04-29 13:38:56,856 [ERROR] LogOutputStream:75 - [STDERR_REDIRECT] WARNING: Could not open/create prefs root node Software\JavaSoft\Prefs at root 0xffffffff80000002. Windows RegCreateKeyEx(...) returned error code 5.
2025-04-29 13:38:56,857 [ERROR] LogOutputStream:75 - [STDERR_REDIRECT] 
2025-04-29 13:38:57,687 [INFO] MainUpdater:2872 - connection check result : 10
2025-04-29 13:38:57,690 [INFO] MainUpdater:289 - Updater Check For Update Now.
2025-04-29 13:38:57,690 [INFO] MicroXplorer:498 - Change Database Version : DB.6.0.140
2025-04-29 13:38:57,711 [INFO] McuFinderGlobals:63 - Set McuFinder mode to 2 (CubeIDE integrated)
2025-04-29 13:38:57,711 [INFO] UserAuth:171 - activating auth plugin
2025-04-29 13:38:57,722 [INFO] UserAuth:486 - Internet connection configuration mode: 1
2025-04-29 13:38:57,783 [WARN] MainUpdater:1193 - Updater busy. Cannot search thirdparties
2025-04-29 13:38:57,784 [INFO] ThirdPartyUpdaterWithRetryManager:96 - Updater plugin is busy. [1/15]
2025-04-29 13:38:57,840 [INFO] JxBrowserEngine:152 - Initiate JxBrowser Engine with user profile folder
2025-04-29 13:38:58,043 [INFO] CheckServerUpdateThread:120 - End of CheckServer Thread
2025-04-29 13:39:00,850 [INFO] WebApp:169 - Instantiating new browser for Auth
2025-04-29 13:39:02,148 [WARN] PackLoader:240 - Cannot read IP mode file for STMicroelectronics.FP-SNS-MOTENVWB1.1.4.0
2025-04-29 13:39:02,194 [WARN] PackLoader:240 - Cannot read IP mode file for STMicroelectronics.FP-ATR-ASTRA1.2.0.2
2025-04-29 13:39:02,240 [WARN] PackLoader:240 - Cannot read IP mode file for STMicroelectronics.X-CUBE-SMBUS.2.1.0
2025-04-29 13:39:02,285 [WARN] PackLoader:240 - Cannot read IP mode file for STMicroelectronics.X-CUBE-WB05N.1.1.0
2025-04-29 13:39:02,434 [WARN] PackLoader:240 - Cannot read IP mode file for STMicroelectronics.X-CUBE-AZRTOS-F7.1.1.0
2025-04-29 13:39:02,455 [WARN] PackLoader:240 - Cannot read IP mode file for STMicroelectronics.FP-SNS-FLIGHT1.5.0.2
2025-04-29 13:39:02,561 [WARN] PackLoader:240 - Cannot read IP mode file for Infineon.AIROC-Wi-Fi-Bluetooth-STM32.1.7.0
2025-04-29 13:39:02,603 [WARN] PackLoader:240 - Cannot read IP mode file for STMicroelectronics.X-CUBE-DISPLAY.3.0.0
2025-04-29 13:39:02,625 [WARN] PackLoader:240 - Cannot read IP mode file for STMicroelectronics.X-CUBE-BLE1.7.0.0
2025-04-29 13:39:02,645 [WARN] PackLoader:240 - Cannot read IP mode file for STMicroelectronics.X-CUBE-NFC10.1.0.0
2025-04-29 13:39:02,677 [WARN] PackLoader:240 - Cannot read IP mode file for STMicroelectronics.X-CUBE-BLEMGR.4.0.0
2025-04-29 13:39:02,698 [WARN] PackLoader:240 - Cannot read IP mode file for emotas.I-CUBE-CANOPEN.1.3.0
2025-04-29 13:39:02,710 [WARN] PackLoader:240 - Cannot read IP mode file for STMicroelectronics.X-CUBE-AI.10.0.0
2025-04-29 13:39:02,723 [WARN] PackLoader:240 - Cannot read IP mode file for STMicroelectronics.FP-SNS-SMARTAG2.1.2.0
2025-04-29 13:39:02,735 [WARN] PackLoader:240 - Cannot read IP mode file for STMicroelectronics.FP-SNS-FLIGHT1.5.1.0
2025-04-29 13:39:02,878 [WARN] PackLoader:240 - Cannot read IP mode file for STMicroelectronics.X-CUBE-MEMS1.11.1.0
2025-04-29 13:39:03,352 [INFO] LogOutputStream:77 - [STDOUT_REDIRECT] 1 : Invalid condition id : UX_CORESTACK_Condition cause : null
2025-04-29 13:39:03,356 [INFO] LogOutputStream:77 - [STDOUT_REDIRECT] 1 : Invalid condition id : UX_CORESTACK_Condition cause : null
2025-04-29 13:39:03,361 [INFO] LogOutputStream:77 - [STDOUT_REDIRECT] 1 : Invalid condition id : UX_CORESTACK_Condition cause : null
2025-04-29 13:39:03,366 [INFO] LogOutputStream:77 - [STDOUT_REDIRECT] 1 : Invalid condition id : UX_CORESTACK_Condition cause : null
2025-04-29 13:39:03,370 [INFO] LogOutputStream:77 - [STDOUT_REDIRECT] 1 : Invalid condition id : UX_CORESTACK_Condition cause : null
2025-04-29 13:39:03,377 [WARN] PackLoader:240 - Cannot read IP mode file for STMicroelectronics.X-CUBE-AZRTOS-WL.2.0.0
2025-04-29 13:39:03,396 [WARN] PackLoader:240 - Cannot read IP mode file for STMicroelectronics.FP-SNS-MOTENV1.5.0.0
2025-04-29 13:39:03,436 [WARN] PackLoader:240 - Cannot read IP mode file for WES.I-CUBE-Cesium.1.3.0
2025-04-29 13:39:03,451 [WARN] PackLoader:240 - Cannot read IP mode file for STMicroelectronics.X-CUBE-BLE2.3.3.0
2025-04-29 13:39:03,467 [WARN] PackLoader:240 - Cannot read IP mode file for STMicroelectronics.X-CUBE-NFC9.1.0.0
2025-04-29 13:39:03,482 [WARN] PackLoader:240 - Cannot read IP mode file for STMicroelectronics.X-CUBE-BLE1.7.1.0
2025-04-29 13:39:03,498 [WARN] PackLoader:240 - Cannot read IP mode file for wolfSSL.I-CUBE-wolfMQTT.1.19.2
2025-04-29 13:39:03,618 [WARN] PackLoader:240 - Cannot read IP mode file for STMicroelectronics.X-CUBE-MEMS1.11.2.0
2025-04-29 13:39:04,284 [WARN] PackLoader:240 - Cannot read IP mode file for STMicroelectronics.X-CUBE-AZRTOS-G0.1.1.0
2025-04-29 13:39:04,308 [WARN] PackLoader:240 - Cannot read IP mode file for STMicroelectronics.X-CUBE-SAFEA1.1.2.2
2025-04-29 13:39:04,330 [WARN] PackLoader:240 - Cannot read IP mode file for STMicroelectronics.X-CUBE-NFC4.3.0.0
2025-04-29 13:39:04,354 [WARN] PackLoader:240 - Cannot read IP mode file for EmbeddedOffice.I-CUBE-FS-RTOS.1.0.1
2025-04-29 13:39:04,369 [WARN] PackLoader:240 - Cannot read IP mode file for STMicroelectronics.X-CUBE-WB05N.2.0.0
2025-04-29 13:39:04,383 [WARN] PackLoader:240 - Cannot read IP mode file for wolfSSL.I-CUBE-wolfTPM.3.8.0
2025-04-29 13:39:04,400 [WARN] PackLoader:240 - Cannot read IP mode file for STMicroelectronics.X-CUBE-TCPP.4.2.0
2025-04-29 13:39:04,417 [WARN] PackLoader:240 - Cannot read IP mode file for RealThread.X-CUBE-RT-Thread_Nano.4.1.1
2025-04-29 13:39:04,428 [WARN] PackLoader:240 - Cannot read IP mode file for STMicroelectronics.FP-ATR-SIGFOX1.3.2.0
2025-04-29 13:39:04,442 [WARN] ConditionMgr:438 - getConditionDescription Invalid condition id : Cortex-A Device cause : null
2025-04-29 13:39:04,485 [WARN] ConditionMgr:1044 - genDependencies : Invalid condition id : Cortex-A Device cause : null
2025-04-29 13:39:04,486 [WARN] ConditionMgr:1044 - genDependencies : Invalid condition id : Cortex-A Device cause : null
2025-04-29 13:39:04,487 [WARN] ConditionMgr:1044 - genDependencies : Invalid condition id : Cortex-A Device cause : null
2025-04-29 13:39:04,503 [WARN] PackLoader:240 - Cannot read IP mode file for STMicroelectronics.X-CUBE-EEPRMA1.5.1.0
2025-04-29 13:39:04,519 [WARN] PackLoader:240 - Cannot read IP mode file for wolfSSL.I-CUBE-wolfSSL.5.7.6
2025-04-29 13:39:04,538 [WARN] PackLoader:240 - Cannot read IP mode file for ITTIA_DB.I-CUBE-ITTIADB.8.9.0
2025-04-29 13:39:04,603 [WARN] PackLoader:240 - Cannot read IP mode file for SEGGER.I-CUBE-embOS.1.3.1
2025-04-29 13:39:04,721 [WARN] PackLoader:240 - Cannot read IP mode file for STMicroelectronics.X-CUBE-ALGOBUILD.1.4.0
2025-04-29 13:39:04,786 [WARN] PackLoader:240 - Cannot read IP mode file for STMicroelectronics.X-CUBE-AZRTOS-F4.1.1.0
2025-04-29 13:39:04,811 [WARN] PackLoader:240 - Cannot read IP mode file for Avnet-IotConnect.X-CUBE-IoTC-DA16k-PMOD.1.0.0
2025-04-29 13:39:04,836 [WARN] PackLoader:240 - Cannot read IP mode file for STMicroelectronics.X-CUBE-ISPU.2.1.0
2025-04-29 13:39:04,906 [WARN] PackLoader:240 - Cannot read IP mode file for STMicroelectronics.X-CUBE-AZRTOS-L5.2.0.0
2025-04-29 13:39:04,962 [WARN] PackLoader:240 - Cannot read IP mode file for STMicroelectronics.X-CUBE-NFC6.3.1.0
2025-04-29 13:39:04,996 [WARN] PackLoader:240 - Cannot read IP mode file for STMicroelectronics.X-CUBE-DPower.1.2.0
2025-04-29 13:39:05,024 [WARN] PackLoader:240 - Cannot read IP mode file for STMicroelectronics.X-CUBE-FREERTOS.1.3.0
2025-04-29 13:39:05,049 [WARN] PackLoader:240 - Cannot read IP mode file for STMicroelectronics.X-CUBE-NFC7.1.0.1
2025-04-29 13:39:05,068 [WARN] PackLoader:240 - Cannot read IP mode file for STMicroelectronics.X-CUBE-DPower.1.3.0
2025-04-29 13:39:05,119 [WARN] ConditionMgr:438 - getConditionDescription Invalid condition id : LAN8742 Phy interface Condition cause : null
2025-04-29 13:39:05,121 [WARN] PackLoader:240 - Cannot read IP mode file for STMicroelectronics.X-CUBE-AZRTOS-L4.2.0.0
2025-04-29 13:39:05,126 [WARN] ConditionMgr:1044 - genDependencies : Invalid condition id : LAN8742 Phy interface Condition cause : null
2025-04-29 13:39:05,127 [WARN] ConditionMgr:1044 - genDependencies : Invalid condition id : LAN8742 Phy interface Condition cause : null
2025-04-29 13:39:05,128 [WARN] ConditionMgr:1044 - genDependencies : Invalid condition id : LAN8742 Phy interface Condition cause : null
2025-04-29 13:39:05,158 [WARN] PackLoader:240 - Cannot read IP mode file for STMicroelectronics.X-CUBE-SFXS2LP1.4.0.0
2025-04-29 13:39:05,239 [WARN] PackLoader:240 - Cannot read IP mode file for STMicroelectronics.X-CUBE-AZRTOS-H7.3.3.0
2025-04-29 13:39:05,295 [WARN] ConditionMgr:438 - getConditionDescription Invalid condition id : UX DEVICE CLASS RTOS Condition cause : null
2025-04-29 13:39:05,296 [WARN] ConditionMgr:438 - getConditionDescription Invalid condition id : UX DEVICE CLASS RTOS Condition cause : null
2025-04-29 13:39:05,303 [WARN] PackLoader:240 - Cannot read IP mode file for STMicroelectronics.X-CUBE-AZRTOS-WB.2.0.0
2025-04-29 13:39:05,305 [WARN] ConditionMgr:1044 - genDependencies : Invalid condition id : UX DEVICE CLASS RTOS Condition cause : null
2025-04-29 13:39:05,306 [WARN] ConditionMgr:1044 - genDependencies : Invalid condition id : UX DEVICE CLASS RTOS Condition cause : null
2025-04-29 13:39:05,307 [WARN] ConditionMgr:1044 - genDependencies : Invalid condition id : UX DEVICE CLASS RTOS Condition cause : null
2025-04-29 13:39:05,309 [WARN] ConditionMgr:1044 - genDependencies : Invalid condition id : UX DEVICE CLASS RTOS Condition cause : null
2025-04-29 13:39:05,309 [WARN] ConditionMgr:1044 - genDependencies : Invalid condition id : UX DEVICE CLASS RTOS Condition cause : null
2025-04-29 13:39:05,336 [WARN] PackLoader:240 - Cannot read IP mode file for STMicroelectronics.X-CUBE-GNSS1.7.0.1
2025-04-29 13:39:05,377 [WARN] PackLoader:240 - Cannot read IP mode file for STMicroelectronics.X-CUBE-TOUCHGFX.4.25.0
2025-04-29 13:39:05,402 [WARN] PackLoader:240 - Cannot read IP mode file for STMicroelectronics.FP-SNS-STBOX1.2.0.0
2025-04-29 13:39:05,443 [WARN] PackLoader:240 - Cannot read IP mode file for STMicroelectronics.X-CUBE-SUBG2.5.0.0
2025-04-29 13:39:05,512 [WARN] PackLoader:240 - Cannot read IP mode file for STMicroelectronics.X-CUBE-AZRTOS-H7RS.1.1.0
2025-04-29 13:39:05,541 [WARN] PackLoader:240 - Cannot read IP mode file for Cesanta.I-CUBE-Mongoose.7.13.0
2025-04-29 13:39:05,595 [WARN] PackLoader:240 - Cannot read IP mode file for STMicroelectronics.X-CUBE-AZRTOS-G4.2.0.0
2025-04-29 13:39:05,636 [WARN] PackLoader:240 - Cannot read IP mode file for wolfSSL.I-CUBE-wolfSSH.1.4.20
2025-04-29 13:39:05,674 [WARN] PackLoader:240 - Cannot read IP mode file for STMicroelectronics.X-CUBE-IPS.3.1.0
2025-04-29 13:39:05,714 [WARN] PackLoader:240 - Cannot read IP mode file for STMicroelectronics.X-CUBE-ALS.1.0.2
2025-04-29 13:39:05,731 [WARN] PackLoader:240 - Cannot read IP mode file for STMicroelectronics.X-CUBE-TOUCHGFX.4.24.2
2025-04-29 13:39:05,759 [WARN] PackLoader:240 - Cannot read IP mode file for portGmbH.I-Cube-SoM-uGOAL.1.1.0
2025-04-29 13:39:05,816 [WARN] PackLoader:240 - Cannot read IP mode file for STMicroelectronics.X-CUBE-AZRTOS-H7RS.1.0.0
2025-04-29 13:39:05,871 [WARN] PackLoader:240 - Cannot read IP mode file for STMicroelectronics.X-CUBE-TOF1.3.4.2
2025-04-29 13:39:05,954 [WARN] PackLoader:240 - Cannot read IP mode file for STMicroelectronics.X-CUBE-TOF1.3.4.3
2025-04-29 13:39:06,000 [INFO] ThirdParty:978 - Integrity check success = true
2025-04-29 13:39:06,001 [INFO] IntegrityCheckThread:100 - exiting critical section [integrity check]
2025-04-29 13:39:06,002 [INFO] IntegrityCheckThread:103 - End integrity checks thread
2025-04-29 13:39:08,811 [INFO] WebApp:463 - Apply proxy settings
2025-04-29 13:39:08,812 [INFO] WebApp:548 - Chromium requires no authentication
2025-04-29 13:39:08,841 [INFO] WebApp:491 - Direct internet connection detected
2025-04-29 13:39:08,912 [INFO] WebApp:894 - Register for checkConnection events
2025-04-29 13:39:08,913 [INFO] WebApp:463 - Apply proxy settings
2025-04-29 13:39:08,913 [INFO] WebApp:548 - Chromium requires no authentication
2025-04-29 13:39:08,914 [INFO] WebApp:491 - Direct internet connection detected
2025-04-29 13:39:09,155 [INFO] WebApp:191 - Connection restablished
2025-04-29 13:39:09,586 [INFO] WebApp:225 - Starting web application
2025-04-29 13:39:09,587 [INFO] WebApp:593 - Web application path used C:\ST\STM32CubeIDE_1.18.0\STM32CubeIDE\plugins\com.st.stm32cube.common.mx_6.14.0.202502271554\db\plugins\mcufinder\reactClient1\index.html
2025-04-29 13:44:07,501 [INFO] WebApp:194 - Connection lost
2025-04-29 13:44:07,647 [INFO] WebApp:191 - Connection restablished
2025-04-29 13:44:12,417 [INFO] WebApp:194 - Connection lost
2025-04-29 13:44:12,509 [INFO] WebApp:191 - Connection restablished
2025-04-29 14:00:51,962 [INFO] WebApp:194 - Connection lost
2025-04-29 14:00:52,186 [INFO] WebApp:191 - Connection restablished
2025-04-29 14:01:09,958 [INFO] WebApp:194 - Connection lost
2025-04-29 14:01:10,060 [INFO] WebApp:191 - Connection restablished
2025-04-29 15:31:00,393 [INFO] WebApp:194 - Connection lost
2025-04-29 15:31:00,495 [INFO] WebApp:191 - Connection restablished
2025-04-29 15:33:45,416 [INFO] WebApp:194 - Connection lost
2025-04-29 15:33:45,538 [INFO] WebApp:191 - Connection restablished
2025-04-29 17:01:28,701 [ERROR] LogOutputStream:75 - [STDERR_REDIRECT] 
2025-04-29 17:57:20,880 [INFO] Activator:176 - 


2025-04-29 17:57:20,885 [INFO] Activator:177 - !SESSION log4j initialized
2025-04-29 17:57:36,436 [INFO] LogOutputStream:77 - [STDOUT_REDIRECT] 
2025-04-29 17:57:40,245 [INFO] ApplicationProperties:184 - Using Application install path: C:\ST\STM32CubeIDE_1.18.0\STM32CubeIDE\plugins\com.st.stm32cube.common.mx_6.14.0.202502271554
2025-04-29 17:57:40,295 [INFO] DbMcusXml:78 - Set database path to: C:\ST\STM32CubeIDE_1.18.0\STM32CubeIDE\plugins\com.st.stm32cube.common.mx_6.14.0.202502271554\\db\/mcu/
2025-04-29 17:57:40,296 [INFO] ApiDb:274 - Set plugin database path to: C:\ST\STM32CubeIDE_1.18.0\STM32CubeIDE\plugins\com.st.stm32cube.common.mx_6.14.0.202502271554\\db\/plugins/boardmanager/
2025-04-29 17:57:40,297 [WARN] ApiDb:259 - Overriding images path with different value:  => C:\ST\STM32CubeIDE_1.18.0\STM32CubeIDE\plugins\com.st.stm32cube.common.mx_6.14.0.202502271554\\db\/plugins/mcufinder/images/
2025-04-29 17:57:40,314 [INFO] ApiDb:250 - Set database path to: C:\Users\sarab\.stmcufinder\plugins\mcufinder//mcu/
2025-04-29 17:57:40,317 [INFO] DbMcusAds:125 - Set database path to: C:\Users\sarab\.stmcufinder\plugins\mcufinder//mcu/
2025-04-29 17:57:40,325 [INFO] CrossReferenceDbSqlite:203 - Set database path to: C:\Users\sarab\.stmcufinder\plugins\mcufinder//mcu/cs/
2025-04-29 17:57:40,712 [INFO] RulesReader:64 - Compatibility file has been processed (301 Rules)
2025-04-29 17:57:41,111 [INFO] DbMcusXml:78 - Set database path to: C:\ST\STM32CubeIDE_1.18.0\STM32CubeIDE\plugins\com.st.stm32cube.common.mx_6.14.0.202502271554\\db\/mcu/
2025-04-29 17:57:41,112 [INFO] ApiDb:274 - Set plugin database path to: C:\ST\STM32CubeIDE_1.18.0\STM32CubeIDE\plugins\com.st.stm32cube.common.mx_6.14.0.202502271554\\db\/plugins/boardmanager/
2025-04-29 17:57:41,113 [INFO] ApiDb:261 - Set plugin images path to: C:\ST\STM32CubeIDE_1.18.0\STM32CubeIDE\plugins\com.st.stm32cube.common.mx_6.14.0.202502271554\\db\/plugins/mcufinder/images/
2025-04-29 17:57:41,114 [WARN] DbFile:41 - Overriding database path with different value: C:\Users\sarab\.stmcufinder\plugins\mcufinder/ => C:\Users\sarab\.stmcufinder\plugins\mcufinder
2025-04-29 17:57:41,115 [INFO] ApiDb:250 - Set database path to: C:\Users\sarab\.stmcufinder\plugins\mcufinder//mcu/
2025-04-29 17:57:41,116 [WARN] DbFile:41 - Overriding database path with different value: C:\Users\sarab\.stmcufinder\plugins\mcufinder/ => C:\Users\sarab\.stmcufinder\plugins\mcufinder
2025-04-29 17:57:41,117 [INFO] DbMcusAds:125 - Set database path to: C:\Users\sarab\.stmcufinder\plugins\mcufinder//mcu/
2025-04-29 17:57:41,117 [WARN] DbFile:41 - Overriding database path with different value: C:\Users\sarab\.stmcufinder\plugins\mcufinder/ => C:\Users\sarab\.stmcufinder\plugins\mcufinder
2025-04-29 17:57:41,118 [WARN] DbFile:41 - Overriding database path with different value: C:\Users\sarab\.stmcufinder\plugins\mcufinder/ => C:\Users\sarab\.stmcufinder\plugins\mcufinder
2025-04-29 17:57:41,119 [INFO] CrossReferenceDbSqlite:203 - Set database path to: C:\Users\sarab\.stmcufinder\plugins\mcufinder//mcu/cs/
2025-04-29 17:57:41,455 [INFO] MainPanel:272 - HeapMemory: 268435456
2025-04-29 17:57:41,806 [INFO] DbMcusXml:78 - Set database path to: C:\ST\STM32CubeIDE_1.18.0\STM32CubeIDE\plugins\com.st.stm32cube.common.mx_6.14.0.202502271554\\db\/mcu/
2025-04-29 17:57:41,806 [INFO] ApiDb:274 - Set plugin database path to: C:\ST\STM32CubeIDE_1.18.0\STM32CubeIDE\plugins\com.st.stm32cube.common.mx_6.14.0.202502271554\\db\/plugins/boardmanager/
2025-04-29 17:57:41,807 [INFO] ApiDb:261 - Set plugin images path to: C:\ST\STM32CubeIDE_1.18.0\STM32CubeIDE\plugins\com.st.stm32cube.common.mx_6.14.0.202502271554\\db\/plugins/mcufinder/images/
2025-04-29 17:57:41,807 [WARN] DbFile:41 - Overriding database path with different value: C:\Users\sarab\.stmcufinder\plugins\mcufinder/ => C:\Users\sarab\.stmcufinder\plugins\mcufinder
2025-04-29 17:57:41,808 [INFO] ApiDb:250 - Set database path to: C:\Users\sarab\.stmcufinder\plugins\mcufinder//mcu/
2025-04-29 17:57:41,808 [WARN] DbFile:41 - Overriding database path with different value: C:\Users\sarab\.stmcufinder\plugins\mcufinder/ => C:\Users\sarab\.stmcufinder\plugins\mcufinder
2025-04-29 17:57:41,808 [INFO] DbMcusAds:125 - Set database path to: C:\Users\sarab\.stmcufinder\plugins\mcufinder//mcu/
2025-04-29 17:57:41,808 [WARN] DbFile:41 - Overriding database path with different value: C:\Users\sarab\.stmcufinder\plugins\mcufinder/ => C:\Users\sarab\.stmcufinder\plugins\mcufinder
2025-04-29 17:57:41,808 [WARN] DbFile:41 - Overriding database path with different value: C:\Users\sarab\.stmcufinder\plugins\mcufinder/ => C:\Users\sarab\.stmcufinder\plugins\mcufinder
2025-04-29 17:57:41,809 [INFO] CrossReferenceDbSqlite:203 - Set database path to: C:\Users\sarab\.stmcufinder\plugins\mcufinder//mcu/cs/
2025-04-29 17:57:41,865 [INFO] ApplicationProperties:184 - Using Application install path: C:\ST\STM32CubeIDE_1.18.0\STM32CubeIDE\plugins\com.st.stm32cube.common.mx_6.14.0.202502271554
2025-04-29 17:57:41,869 [INFO] PluginManage:196 - Search for loadable plugins [exclusion list=, ]
2025-04-29 17:57:41,873 [INFO] PluginManage:310 - Check plugin analytics
2025-04-29 17:57:42,369 [INFO] AnalyticsPlugin:253 - Accepted Software Licenses: 
2025-04-29 17:57:42,370 [INFO] AnalyticsPlugin:255 - Accepted CMSIS Pack Licenses: 
2025-04-29 17:57:42,370 [INFO] AnalyticsPlugin:257 - Accepted Firmware Licenses: 
2025-04-29 17:57:42,388 [INFO] PluginManage:359 - Loaded plugin analytics (category:tool,tabindex:-1)
2025-04-29 17:57:42,390 [INFO] PluginManage:310 - Check plugin cadmodel
2025-04-29 17:57:42,410 [INFO] CADModel:105 - Init CAD model plugin
2025-04-29 17:57:42,411 [INFO] PluginManage:359 - Loaded plugin cadmodel (category:power,tabindex:5)
2025-04-29 17:57:42,411 [INFO] PluginManage:310 - Check plugin clock
2025-04-29 17:57:42,439 [INFO] PluginManage:359 - Loaded plugin clock (category:base,tabindex:2)
2025-04-29 17:57:42,439 [INFO] PluginManage:310 - Check plugin ddr
2025-04-29 17:57:42,450 [INFO] PluginManage:359 - Loaded plugin ddr (category:tool,tabindex:6)
2025-04-29 17:57:42,451 [INFO] PluginManage:310 - Check plugin filemanager
2025-04-29 17:57:43,179 [INFO] PluginManage:359 - Loaded plugin filemanager (category:base,tabindex:10)
2025-04-29 17:57:43,180 [INFO] PluginManage:310 - Check plugin ipmanager
2025-04-29 17:57:43,238 [INFO] PluginManage:359 - Loaded plugin ipmanager (category:base,tabindex:5)
2025-04-29 17:57:43,238 [INFO] PluginManage:310 - Check plugin lpbam
2025-04-29 17:57:43,301 [INFO] PluginManage:359 - Loaded plugin lpbam (category:base,tabindex:0)
2025-04-29 17:57:43,302 [INFO] PluginManage:310 - Check plugin memorymap
2025-04-29 17:57:43,397 [INFO] PluginManage:359 - Loaded plugin memorymap (category:base,tabindex:4)
2025-04-29 17:57:43,398 [INFO] PluginManage:310 - Check plugin pinoutandconfiguration
2025-04-29 17:57:43,491 [INFO] PluginManage:359 - Loaded plugin pinoutandconfiguration (category:base,tabindex:1)
2025-04-29 17:57:43,492 [INFO] PluginManage:310 - Check plugin pinoutconfig
2025-04-29 17:57:44,292 [WARN] SupportedApi:132 - Cannot load RTOS API schema: s4s-elt-must-match.1: The content of 'definitions' must match (annotation?, (simpleType | complexType)?, (unique | key | keyref)*)). A problem was found starting at: attribute.
2025-04-29 17:57:44,743 [INFO] PluginManage:359 - Loaded plugin pinoutconfig (category:base,tabindex:0)
2025-04-29 17:57:44,744 [INFO] PluginManage:310 - Check plugin power
2025-04-29 17:57:44,777 [INFO] PluginManage:359 - Loaded plugin power (category:power,tabindex:4)
2025-04-29 17:57:44,778 [INFO] PluginManage:310 - Check plugin projectmanager
2025-04-29 17:57:44,822 [INFO] PluginManage:359 - Loaded plugin projectmanager (category:projectmanager,tabindex:4)
2025-04-29 17:57:44,822 [INFO] PluginManage:310 - Check plugin rif
2025-04-29 17:57:44,842 [INFO] PluginManage:359 - Loaded plugin rif (category:base,tabindex:3)
2025-04-29 17:57:44,843 [INFO] PluginManage:310 - Check plugin thirdparty
2025-04-29 17:57:45,207 [WARN] IntegrityCheckThread:84 - waiting for thirdparty lock release [integrity check]
2025-04-29 17:57:45,209 [INFO] IntegrityCheckThread:86 - entering critical section [integrity check]
2025-04-29 17:57:45,210 [INFO] ThirdPartyUpdaterWithRetryManager:70 - Updater plugin not ready yet. [1/15]
2025-04-29 17:57:45,211 [INFO] PluginManage:359 - Loaded plugin thirdparty (category:base,tabindex:-1)
2025-04-29 17:57:45,212 [INFO] PluginManage:310 - Check plugin tools
2025-04-29 17:57:45,223 [INFO] PluginManage:359 - Loaded plugin tools (category:base,tabindex:7)
2025-04-29 17:57:45,224 [INFO] PluginManage:310 - Check plugin tutovideos
2025-04-29 17:57:45,947 [INFO] PluginManage:359 - Loaded plugin tutovideos (category:base,tabindex:-1)
2025-04-29 17:57:45,948 [INFO] PluginManage:310 - Check plugin updater
2025-04-29 17:57:46,004 [INFO] PluginManage:359 - Loaded plugin updater (category:base,tabindex:12)
2025-04-29 17:57:46,005 [INFO] PluginManage:310 - Check plugin userauth
2025-04-29 17:57:46,014 [INFO] UserAuth:118 - Init User Auth plugin
2025-04-29 17:57:46,016 [INFO] PluginManage:359 - Loaded plugin userauth (category:base,tabindex:14)
2025-04-29 17:57:46,017 [INFO] PluginManage:283 - PluginManage : Loaded plugins [18]
2025-04-29 17:57:46,640 [INFO] PinOutPanel:1589 - setPackage(No Configuration,No Configuration)
2025-04-29 17:57:46,817 [INFO] CADModel:165 - CPN selected for project level
2025-04-29 17:57:46,818 [INFO] CADModel:114 - Register for checkConnection events
2025-04-29 17:57:46,849 [INFO] IPUIPlugin:80 - create IPUIPlugin
2025-04-29 17:57:46,849 [INFO] PluginManager:220 - loadIPPluginJar : add adc
2025-04-29 17:57:46,854 [INFO] IPUIPlugin:80 - create IPUIPlugin
2025-04-29 17:57:46,856 [INFO] PluginManager:220 - loadIPPluginJar : add aes
2025-04-29 17:57:46,861 [INFO] IPUIPlugin:80 - create IPUIPlugin
2025-04-29 17:57:46,861 [INFO] PluginManager:220 - loadIPPluginJar : add can
2025-04-29 17:57:46,864 [INFO] IPUIPlugin:80 - create IPUIPlugin
2025-04-29 17:57:46,864 [INFO] PluginManager:220 - loadIPPluginJar : add comp
2025-04-29 17:57:46,868 [INFO] IPUIPlugin:80 - create IPUIPlugin
2025-04-29 17:57:46,868 [INFO] PluginManager:220 - loadIPPluginJar : add cryp
2025-04-29 17:57:46,876 [INFO] IPUIPlugin:80 - create IPUIPlugin
2025-04-29 17:57:46,876 [INFO] PluginManager:220 - loadIPPluginJar : add ddr_ctrl_phy
2025-04-29 17:57:46,882 [INFO] IPUIPlugin:80 - create IPUIPlugin
2025-04-29 17:57:46,882 [INFO] PluginManager:220 - loadIPPluginJar : add dfsdm
2025-04-29 17:57:46,893 [INFO] IPUIPlugin:80 - create IPUIPlugin
2025-04-29 17:57:46,894 [INFO] PluginManager:220 - loadIPPluginJar : add dma
2025-04-29 17:57:46,899 [INFO] IPUIPlugin:80 - create IPUIPlugin
2025-04-29 17:57:46,900 [INFO] PluginManager:220 - loadIPPluginJar : add dma3
2025-04-29 17:57:46,905 [INFO] IPUIPlugin:80 - create IPUIPlugin
2025-04-29 17:57:46,905 [INFO] PluginManager:220 - loadIPPluginJar : add extmemmanager
2025-04-29 17:57:46,908 [INFO] IPUIPlugin:80 - create IPUIPlugin
2025-04-29 17:57:46,909 [INFO] PluginManager:220 - loadIPPluginJar : add fatfs
2025-04-29 17:57:46,918 [INFO] IPUIPlugin:80 - create IPUIPlugin
2025-04-29 17:57:46,918 [INFO] PluginManager:220 - loadIPPluginJar : add fmc
2025-04-29 17:57:46,927 [INFO] IPUIPlugin:80 - create IPUIPlugin
2025-04-29 17:57:46,928 [INFO] PluginManager:220 - loadIPPluginJar : add freertos
2025-04-29 17:57:46,931 [INFO] IPUIPlugin:80 - create IPUIPlugin
2025-04-29 17:57:46,931 [INFO] PluginManager:220 - loadIPPluginJar : add genericplugin
2025-04-29 17:57:46,935 [INFO] IPUIPlugin:80 - create IPUIPlugin
2025-04-29 17:57:46,935 [INFO] PluginManager:220 - loadIPPluginJar : add gfxmmu
2025-04-29 17:57:46,945 [INFO] IPUIPlugin:80 - create IPUIPlugin
2025-04-29 17:57:46,945 [INFO] PluginManager:220 - loadIPPluginJar : add gic
2025-04-29 17:57:46,952 [INFO] IPUIPlugin:80 - create IPUIPlugin
2025-04-29 17:57:46,952 [INFO] PluginManager:220 - loadIPPluginJar : add gpio
2025-04-29 17:57:46,958 [INFO] IPUIPlugin:80 - create IPUIPlugin
2025-04-29 17:57:46,958 [INFO] PluginManager:220 - loadIPPluginJar : add gtzc
2025-04-29 17:57:46,963 [INFO] IPUIPlugin:80 - create IPUIPlugin
2025-04-29 17:57:46,963 [INFO] PluginManager:220 - loadIPPluginJar : add hash
2025-04-29 17:57:46,968 [INFO] IPUIPlugin:80 - create IPUIPlugin
2025-04-29 17:57:46,968 [INFO] PluginManager:220 - loadIPPluginJar : add i2c
2025-04-29 17:57:46,973 [INFO] IPUIPlugin:80 - create IPUIPlugin
2025-04-29 17:57:46,973 [INFO] PluginManager:220 - loadIPPluginJar : add i2s
2025-04-29 17:57:46,978 [INFO] IPUIPlugin:80 - create IPUIPlugin
2025-04-29 17:57:46,978 [INFO] PluginManager:220 - loadIPPluginJar : add i3c
2025-04-29 17:57:46,984 [INFO] IPUIPlugin:80 - create IPUIPlugin
2025-04-29 17:57:46,984 [INFO] PluginManager:220 - loadIPPluginJar : add ipddr
2025-04-29 17:57:46,999 [INFO] IPUIPlugin:80 - create IPUIPlugin
2025-04-29 17:57:46,999 [INFO] PluginManager:220 - loadIPPluginJar : add linkedlist
2025-04-29 17:57:47,008 [INFO] IPUIPlugin:80 - create IPUIPlugin
2025-04-29 17:57:47,008 [INFO] PluginManager:220 - loadIPPluginJar : add lorawan
2025-04-29 17:57:47,012 [INFO] IPUIPlugin:80 - create IPUIPlugin
2025-04-29 17:57:47,012 [INFO] PluginManager:220 - loadIPPluginJar : add ltdc
2025-04-29 17:57:47,020 [INFO] IPUIPlugin:80 - create IPUIPlugin
2025-04-29 17:57:47,021 [INFO] PluginManager:220 - loadIPPluginJar : add mdma
2025-04-29 17:57:47,026 [INFO] IPUIPlugin:80 - create IPUIPlugin
2025-04-29 17:57:47,027 [INFO] PluginManager:220 - loadIPPluginJar : add nvic
2025-04-29 17:57:47,031 [INFO] IPUIPlugin:80 - create IPUIPlugin
2025-04-29 17:57:47,031 [INFO] PluginManager:220 - loadIPPluginJar : add opamp
2025-04-29 17:57:47,036 [INFO] IPUIPlugin:80 - create IPUIPlugin
2025-04-29 17:57:47,036 [INFO] PluginManager:220 - loadIPPluginJar : add openamp
2025-04-29 17:57:47,042 [INFO] IPUIPlugin:80 - create IPUIPlugin
2025-04-29 17:57:47,042 [INFO] PluginManager:220 - loadIPPluginJar : add pdm2pcm
2025-04-29 17:57:47,052 [INFO] IPUIPlugin:80 - create IPUIPlugin
2025-04-29 17:57:47,056 [INFO] PluginManager:220 - loadIPPluginJar : add plateformsettings
2025-04-29 17:57:47,059 [INFO] IPUIPlugin:80 - create IPUIPlugin
2025-04-29 17:57:47,059 [INFO] PluginManager:220 - loadIPPluginJar : add quadspi
2025-04-29 17:57:47,062 [INFO] IPUIPlugin:80 - create IPUIPlugin
2025-04-29 17:57:47,063 [INFO] PluginManager:220 - loadIPPluginJar : add radio
2025-04-29 17:57:47,069 [INFO] IPUIPlugin:80 - create IPUIPlugin
2025-04-29 17:57:47,069 [INFO] PluginManager:220 - loadIPPluginJar : add resmgrutility
2025-04-29 17:57:47,075 [INFO] IPUIPlugin:80 - create IPUIPlugin
2025-04-29 17:57:47,075 [INFO] PluginManager:220 - loadIPPluginJar : add sai
2025-04-29 17:57:47,079 [INFO] IPUIPlugin:80 - create IPUIPlugin
2025-04-29 17:57:47,079 [INFO] PluginManager:220 - loadIPPluginJar : add spi
2025-04-29 17:57:47,090 [INFO] IPUIPlugin:80 - create IPUIPlugin
2025-04-29 17:57:47,090 [INFO] PluginManager:220 - loadIPPluginJar : add stm32_wpan
2025-04-29 17:57:47,096 [INFO] IPUIPlugin:80 - create IPUIPlugin
2025-04-29 17:57:47,096 [INFO] PluginManager:220 - loadIPPluginJar : add tim
2025-04-29 17:57:47,102 [INFO] IPUIPlugin:80 - create IPUIPlugin
2025-04-29 17:57:47,102 [INFO] PluginManager:220 - loadIPPluginJar : add touchsensing
2025-04-29 17:57:47,106 [INFO] IPUIPlugin:80 - create IPUIPlugin
2025-04-29 17:57:47,107 [INFO] PluginManager:220 - loadIPPluginJar : add tracer_emb
2025-04-29 17:57:47,112 [INFO] IPUIPlugin:80 - create IPUIPlugin
2025-04-29 17:57:47,112 [INFO] PluginManager:220 - loadIPPluginJar : add ts
2025-04-29 17:57:47,115 [INFO] IPUIPlugin:80 - create IPUIPlugin
2025-04-29 17:57:47,115 [INFO] PluginManager:220 - loadIPPluginJar : add tsc
2025-04-29 17:57:47,119 [INFO] IPUIPlugin:80 - create IPUIPlugin
2025-04-29 17:57:47,119 [INFO] PluginManager:220 - loadIPPluginJar : add ucpd
2025-04-29 17:57:47,124 [INFO] IPUIPlugin:80 - create IPUIPlugin
2025-04-29 17:57:47,124 [INFO] PluginManager:220 - loadIPPluginJar : add usart
2025-04-29 17:57:47,131 [INFO] IPUIPlugin:80 - create IPUIPlugin
2025-04-29 17:57:47,131 [INFO] PluginManager:220 - loadIPPluginJar : add usbx
2025-04-29 17:57:47,324 [FATAL] Updater:351 - Updater called before beeing initialized
2025-04-29 17:57:47,373 [INFO] RulesReader:64 - Compatibility file has been processed (301 Rules)
2025-04-29 17:57:47,391 [INFO] RulesReader:64 - Compatibility file has been processed (301 Rules)
2025-04-29 17:57:47,416 [INFO] CADModel:165 - CPN selected for project level
2025-04-29 17:57:47,417 [INFO] CADModel:114 - Register for checkConnection events
2025-04-29 17:57:47,417 [FATAL] Updater:351 - Updater called before beeing initialized
2025-04-29 17:57:47,417 [ERROR] CADModel:125 - Updater not yet initialized, retry later 
2025-04-29 17:57:47,830 [FATAL] Updater:351 - Updater called before beeing initialized
2025-04-29 17:57:47,833 [INFO] CADModel:165 - CPN selected for project level
2025-04-29 17:57:47,833 [INFO] CADModel:114 - Register for checkConnection events
2025-04-29 17:57:47,833 [FATAL] Updater:351 - Updater called before beeing initialized
2025-04-29 17:57:47,833 [ERROR] CADModel:125 - Updater not yet initialized, retry later 
2025-04-29 17:57:47,840 [FATAL] Updater:351 - Updater called before beeing initialized
2025-04-29 17:57:48,099 [FATAL] Updater:351 - Updater called before beeing initialized
2025-04-29 17:57:48,117 [INFO] DbMcusAds:53 - JSON generation date=Thu Mar 06 06:54:21 PST 2025 (1741272861825)
2025-04-29 17:57:48,118 [FATAL] Updater:351 - Updater called before beeing initialized
2025-04-29 17:57:48,211 [INFO] ThirdPartyUpdaterWithRetryManager:70 - Updater plugin not ready yet. [2/15]
2025-04-29 17:57:48,214 [WARN] DetailPanel:346 - Failed to get advertising image, set to default
2025-04-29 17:57:48,699 [FATAL] Updater:351 - Updater called before beeing initialized
2025-04-29 17:57:48,703 [FATAL] Updater:351 - Updater called before beeing initialized
2025-04-29 17:57:48,704 [FATAL] Updater:351 - Updater called before beeing initialized
2025-04-29 17:57:48,704 [WARN] DetailPanel:346 - Failed to get advertising image, set to default
2025-04-29 17:57:48,705 [FATAL] Updater:351 - Updater called before beeing initialized
2025-04-29 17:57:48,816 [ERROR] Updater:1198 - MainUpdater not yet initialized. External WinMGr cannot be set.
2025-04-29 17:57:48,819 [INFO] Updater:1134 - Updater Version found : 6.14.0
2025-04-29 17:57:48,855 [INFO] ApplicationProperties:184 - Using Application install path: C:\ST\STM32CubeIDE_1.18.0\STM32CubeIDE\plugins\com.st.stm32cube.common.mx_6.14.0.202502271554
2025-04-29 17:57:50,480 [ERROR] LogOutputStream:75 - [STDERR_REDIRECT] Apr 29, 2025 5:57:50 PM java.util.prefs.WindowsPreferences <init>
2025-04-29 17:57:50,482 [ERROR] LogOutputStream:75 - [STDERR_REDIRECT] WARNING: Could not open/create prefs root node Software\JavaSoft\Prefs at root 0xffffffff80000002. Windows RegCreateKeyEx(...) returned error code 5.
2025-04-29 17:57:50,482 [ERROR] LogOutputStream:75 - [STDERR_REDIRECT] 
2025-04-29 17:57:50,904 [INFO] MainUpdater:2872 - connection check result : 10
2025-04-29 17:57:50,906 [INFO] MainUpdater:289 - Updater Check For Update Now.
2025-04-29 17:57:50,906 [INFO] MicroXplorer:498 - Change Database Version : DB.6.0.140
2025-04-29 17:57:50,937 [INFO] McuFinderGlobals:63 - Set McuFinder mode to 2 (CubeIDE integrated)
2025-04-29 17:57:50,938 [INFO] UserAuth:171 - activating auth plugin
2025-04-29 17:57:50,943 [INFO] UserAuth:486 - Internet connection configuration mode: 1
2025-04-29 17:57:51,013 [INFO] JxBrowserEngine:152 - Initiate JxBrowser Engine with user profile folder
2025-04-29 17:57:51,145 [INFO] CheckServerUpdateThread:120 - End of CheckServer Thread
2025-04-29 17:57:52,172 [WARN] PackLoader:240 - Cannot read IP mode file for STMicroelectronics.FP-SNS-MOTENVWB1.1.4.0
2025-04-29 17:57:52,236 [WARN] PackLoader:240 - Cannot read IP mode file for STMicroelectronics.FP-ATR-ASTRA1.2.0.2
2025-04-29 17:57:52,342 [WARN] PackLoader:240 - Cannot read IP mode file for STMicroelectronics.X-CUBE-SMBUS.2.1.0
2025-04-29 17:57:52,421 [WARN] PackLoader:240 - Cannot read IP mode file for STMicroelectronics.X-CUBE-WB05N.1.1.0
2025-04-29 17:57:52,617 [WARN] PackLoader:240 - Cannot read IP mode file for STMicroelectronics.X-CUBE-AZRTOS-F7.1.1.0
2025-04-29 17:57:52,638 [WARN] PackLoader:240 - Cannot read IP mode file for STMicroelectronics.FP-SNS-FLIGHT1.5.0.2
2025-04-29 17:57:52,765 [WARN] PackLoader:240 - Cannot read IP mode file for Infineon.AIROC-Wi-Fi-Bluetooth-STM32.1.7.0
2025-04-29 17:57:52,843 [WARN] PackLoader:240 - Cannot read IP mode file for STMicroelectronics.X-CUBE-DISPLAY.3.0.0
2025-04-29 17:57:52,897 [WARN] PackLoader:240 - Cannot read IP mode file for STMicroelectronics.X-CUBE-BLE1.7.0.0
2025-04-29 17:57:52,934 [WARN] PackLoader:240 - Cannot read IP mode file for STMicroelectronics.X-CUBE-NFC10.1.0.0
2025-04-29 17:57:52,999 [WARN] PackLoader:240 - Cannot read IP mode file for STMicroelectronics.X-CUBE-BLEMGR.4.0.0
2025-04-29 17:57:53,049 [WARN] PackLoader:240 - Cannot read IP mode file for emotas.I-CUBE-CANOPEN.1.3.0
2025-04-29 17:57:53,074 [WARN] PackLoader:240 - Cannot read IP mode file for STMicroelectronics.X-CUBE-AI.10.0.0
2025-04-29 17:57:53,097 [WARN] PackLoader:240 - Cannot read IP mode file for STMicroelectronics.FP-SNS-SMARTAG2.1.2.0
2025-04-29 17:57:53,117 [WARN] PackLoader:240 - Cannot read IP mode file for STMicroelectronics.FP-SNS-FLIGHT1.5.1.0
2025-04-29 17:57:53,373 [WARN] PackLoader:240 - Cannot read IP mode file for STMicroelectronics.X-CUBE-MEMS1.11.1.0
2025-04-29 17:57:54,646 [INFO] LogOutputStream:77 - [STDOUT_REDIRECT] 1 : Invalid condition id : UX_CORESTACK_Condition cause : null
2025-04-29 17:57:54,652 [INFO] LogOutputStream:77 - [STDOUT_REDIRECT] 1 : Invalid condition id : UX_CORESTACK_Condition cause : null
2025-04-29 17:57:54,663 [INFO] LogOutputStream:77 - [STDOUT_REDIRECT] 1 : Invalid condition id : UX_CORESTACK_Condition cause : null
2025-04-29 17:57:54,676 [INFO] LogOutputStream:77 - [STDOUT_REDIRECT] 1 : Invalid condition id : UX_CORESTACK_Condition cause : null
2025-04-29 17:57:54,688 [INFO] LogOutputStream:77 - [STDOUT_REDIRECT] 1 : Invalid condition id : UX_CORESTACK_Condition cause : null
2025-04-29 17:57:54,704 [WARN] PackLoader:240 - Cannot read IP mode file for STMicroelectronics.X-CUBE-AZRTOS-WL.2.0.0
2025-04-29 17:57:54,738 [WARN] PackLoader:240 - Cannot read IP mode file for STMicroelectronics.FP-SNS-MOTENV1.5.0.0
2025-04-29 17:57:54,827 [WARN] PackLoader:240 - Cannot read IP mode file for WES.I-CUBE-Cesium.1.3.0
2025-04-29 17:57:54,859 [WARN] PackLoader:240 - Cannot read IP mode file for STMicroelectronics.X-CUBE-BLE2.3.3.0
2025-04-29 17:57:54,892 [WARN] PackLoader:240 - Cannot read IP mode file for STMicroelectronics.X-CUBE-NFC9.1.0.0
2025-04-29 17:57:54,918 [WARN] PackLoader:240 - Cannot read IP mode file for STMicroelectronics.X-CUBE-BLE1.7.1.0
2025-04-29 17:57:54,949 [WARN] PackLoader:240 - Cannot read IP mode file for wolfSSL.I-CUBE-wolfMQTT.1.19.2
2025-04-29 17:57:55,132 [WARN] PackLoader:240 - Cannot read IP mode file for STMicroelectronics.X-CUBE-MEMS1.11.2.0
2025-04-29 17:57:55,558 [WARN] PackLoader:240 - Cannot read IP mode file for STMicroelectronics.X-CUBE-AZRTOS-G0.1.1.0
2025-04-29 17:57:55,578 [WARN] PackLoader:240 - Cannot read IP mode file for STMicroelectronics.X-CUBE-SAFEA1.1.2.2
2025-04-29 17:57:55,597 [WARN] PackLoader:240 - Cannot read IP mode file for STMicroelectronics.X-CUBE-NFC4.3.0.0
2025-04-29 17:57:55,641 [WARN] PackLoader:240 - Cannot read IP mode file for EmbeddedOffice.I-CUBE-FS-RTOS.1.0.1
2025-04-29 17:57:55,652 [WARN] PackLoader:240 - Cannot read IP mode file for STMicroelectronics.X-CUBE-WB05N.2.0.0
2025-04-29 17:57:55,663 [WARN] PackLoader:240 - Cannot read IP mode file for wolfSSL.I-CUBE-wolfTPM.3.8.0
2025-04-29 17:57:55,675 [WARN] PackLoader:240 - Cannot read IP mode file for STMicroelectronics.X-CUBE-TCPP.4.2.0
2025-04-29 17:57:55,690 [WARN] PackLoader:240 - Cannot read IP mode file for RealThread.X-CUBE-RT-Thread_Nano.4.1.1
2025-04-29 17:57:55,700 [WARN] PackLoader:240 - Cannot read IP mode file for STMicroelectronics.FP-ATR-SIGFOX1.3.2.0
2025-04-29 17:57:55,710 [WARN] ConditionMgr:438 - getConditionDescription Invalid condition id : Cortex-A Device cause : null
2025-04-29 17:57:55,773 [WARN] ConditionMgr:1044 - genDependencies : Invalid condition id : Cortex-A Device cause : null
2025-04-29 17:57:55,773 [WARN] ConditionMgr:1044 - genDependencies : Invalid condition id : Cortex-A Device cause : null
2025-04-29 17:57:55,774 [WARN] ConditionMgr:1044 - genDependencies : Invalid condition id : Cortex-A Device cause : null
2025-04-29 17:57:55,798 [WARN] PackLoader:240 - Cannot read IP mode file for STMicroelectronics.X-CUBE-EEPRMA1.5.1.0
2025-04-29 17:57:55,817 [WARN] PackLoader:240 - Cannot read IP mode file for wolfSSL.I-CUBE-wolfSSL.5.7.6
2025-04-29 17:57:55,841 [WARN] PackLoader:240 - Cannot read IP mode file for ITTIA_DB.I-CUBE-ITTIADB.8.9.0
2025-04-29 17:57:55,975 [WARN] PackLoader:240 - Cannot read IP mode file for SEGGER.I-CUBE-embOS.1.3.1
2025-04-29 17:57:56,123 [WARN] PackLoader:240 - Cannot read IP mode file for STMicroelectronics.X-CUBE-ALGOBUILD.1.4.0
2025-04-29 17:57:56,187 [WARN] PackLoader:240 - Cannot read IP mode file for STMicroelectronics.X-CUBE-AZRTOS-F4.1.1.0
2025-04-29 17:57:56,219 [WARN] PackLoader:240 - Cannot read IP mode file for Avnet-IotConnect.X-CUBE-IoTC-DA16k-PMOD.1.0.0
2025-04-29 17:57:56,239 [WARN] PackLoader:240 - Cannot read IP mode file for STMicroelectronics.X-CUBE-ISPU.2.1.0
2025-04-29 17:57:56,299 [WARN] PackLoader:240 - Cannot read IP mode file for STMicroelectronics.X-CUBE-AZRTOS-L5.2.0.0
2025-04-29 17:57:56,345 [WARN] PackLoader:240 - Cannot read IP mode file for STMicroelectronics.X-CUBE-NFC6.3.1.0
2025-04-29 17:57:56,378 [WARN] PackLoader:240 - Cannot read IP mode file for STMicroelectronics.X-CUBE-DPower.1.2.0
2025-04-29 17:57:56,404 [WARN] PackLoader:240 - Cannot read IP mode file for STMicroelectronics.X-CUBE-FREERTOS.1.3.0
2025-04-29 17:57:56,431 [WARN] PackLoader:240 - Cannot read IP mode file for STMicroelectronics.X-CUBE-NFC7.1.0.1
2025-04-29 17:57:56,454 [WARN] PackLoader:240 - Cannot read IP mode file for STMicroelectronics.X-CUBE-DPower.1.3.0
2025-04-29 17:57:56,519 [WARN] ConditionMgr:438 - getConditionDescription Invalid condition id : LAN8742 Phy interface Condition cause : null
2025-04-29 17:57:56,522 [WARN] PackLoader:240 - Cannot read IP mode file for STMicroelectronics.X-CUBE-AZRTOS-L4.2.0.0
2025-04-29 17:57:56,526 [WARN] ConditionMgr:1044 - genDependencies : Invalid condition id : LAN8742 Phy interface Condition cause : null
2025-04-29 17:57:56,527 [WARN] ConditionMgr:1044 - genDependencies : Invalid condition id : LAN8742 Phy interface Condition cause : null
2025-04-29 17:57:56,529 [WARN] ConditionMgr:1044 - genDependencies : Invalid condition id : LAN8742 Phy interface Condition cause : null
2025-04-29 17:57:56,560 [WARN] PackLoader:240 - Cannot read IP mode file for STMicroelectronics.X-CUBE-SFXS2LP1.4.0.0
2025-04-29 17:57:56,635 [WARN] PackLoader:240 - Cannot read IP mode file for STMicroelectronics.X-CUBE-AZRTOS-H7.3.3.0
2025-04-29 17:57:56,688 [WARN] ConditionMgr:438 - getConditionDescription Invalid condition id : UX DEVICE CLASS RTOS Condition cause : null
2025-04-29 17:57:56,689 [WARN] ConditionMgr:438 - getConditionDescription Invalid condition id : UX DEVICE CLASS RTOS Condition cause : null
2025-04-29 17:57:56,696 [WARN] PackLoader:240 - Cannot read IP mode file for STMicroelectronics.X-CUBE-AZRTOS-WB.2.0.0
2025-04-29 17:57:56,699 [WARN] ConditionMgr:1044 - genDependencies : Invalid condition id : UX DEVICE CLASS RTOS Condition cause : null
2025-04-29 17:57:56,699 [WARN] ConditionMgr:1044 - genDependencies : Invalid condition id : UX DEVICE CLASS RTOS Condition cause : null
2025-04-29 17:57:56,701 [WARN] ConditionMgr:1044 - genDependencies : Invalid condition id : UX DEVICE CLASS RTOS Condition cause : null
2025-04-29 17:57:56,702 [WARN] ConditionMgr:1044 - genDependencies : Invalid condition id : UX DEVICE CLASS RTOS Condition cause : null
2025-04-29 17:57:56,703 [WARN] ConditionMgr:1044 - genDependencies : Invalid condition id : UX DEVICE CLASS RTOS Condition cause : null
2025-04-29 17:57:56,762 [WARN] PackLoader:240 - Cannot read IP mode file for STMicroelectronics.X-CUBE-GNSS1.7.0.1
2025-04-29 17:57:56,807 [WARN] PackLoader:240 - Cannot read IP mode file for STMicroelectronics.X-CUBE-TOUCHGFX.4.25.0
2025-04-29 17:57:56,834 [WARN] PackLoader:240 - Cannot read IP mode file for STMicroelectronics.FP-SNS-STBOX1.2.0.0
2025-04-29 17:57:56,886 [WARN] PackLoader:240 - Cannot read IP mode file for STMicroelectronics.X-CUBE-SUBG2.5.0.0
2025-04-29 17:57:56,936 [WARN] PackLoader:240 - Cannot read IP mode file for STMicroelectronics.X-CUBE-AZRTOS-H7RS.1.1.0
2025-04-29 17:57:57,050 [WARN] PackLoader:240 - Cannot read IP mode file for Cesanta.I-CUBE-Mongoose.7.13.0
2025-04-29 17:57:57,105 [WARN] PackLoader:240 - Cannot read IP mode file for STMicroelectronics.X-CUBE-AZRTOS-G4.2.0.0
2025-04-29 17:57:57,159 [WARN] PackLoader:240 - Cannot read IP mode file for wolfSSL.I-CUBE-wolfSSH.1.4.20
2025-04-29 17:57:57,254 [WARN] PackLoader:240 - Cannot read IP mode file for STMicroelectronics.X-CUBE-IPS.3.1.0
2025-04-29 17:57:57,300 [WARN] PackLoader:240 - Cannot read IP mode file for STMicroelectronics.X-CUBE-ALS.1.0.2
2025-04-29 17:57:57,319 [WARN] PackLoader:240 - Cannot read IP mode file for STMicroelectronics.X-CUBE-TOUCHGFX.4.24.2
2025-04-29 17:57:57,345 [WARN] PackLoader:240 - Cannot read IP mode file for portGmbH.I-Cube-SoM-uGOAL.1.1.0
2025-04-29 17:57:57,406 [WARN] PackLoader:240 - Cannot read IP mode file for STMicroelectronics.X-CUBE-AZRTOS-H7RS.1.0.0
2025-04-29 17:57:57,458 [WARN] PackLoader:240 - Cannot read IP mode file for STMicroelectronics.X-CUBE-TOF1.3.4.2
2025-04-29 17:57:57,537 [WARN] PackLoader:240 - Cannot read IP mode file for STMicroelectronics.X-CUBE-TOF1.3.4.3
2025-04-29 17:57:57,582 [INFO] ThirdParty:978 - Integrity check success = true
2025-04-29 17:57:57,583 [INFO] IntegrityCheckThread:100 - exiting critical section [integrity check]
2025-04-29 17:57:57,583 [INFO] IntegrityCheckThread:103 - End integrity checks thread
2025-04-29 17:58:01,179 [INFO] WebApp:169 - Instantiating new browser for Auth
2025-04-29 17:58:05,007 [INFO] WebApp:463 - Apply proxy settings
2025-04-29 17:58:05,010 [INFO] WebApp:548 - Chromium requires no authentication
2025-04-29 17:58:05,048 [INFO] WebApp:491 - Direct internet connection detected
2025-04-29 17:58:05,131 [INFO] WebApp:894 - Register for checkConnection events
2025-04-29 17:58:05,131 [INFO] WebApp:463 - Apply proxy settings
2025-04-29 17:58:05,131 [INFO] WebApp:548 - Chromium requires no authentication
2025-04-29 17:58:05,133 [INFO] WebApp:491 - Direct internet connection detected
2025-04-29 17:58:05,381 [INFO] WebApp:191 - Connection restablished
2025-04-29 17:58:05,924 [INFO] WebApp:225 - Starting web application
2025-04-29 17:58:05,925 [INFO] WebApp:593 - Web application path used C:\ST\STM32CubeIDE_1.18.0\STM32CubeIDE\plugins\com.st.stm32cube.common.mx_6.14.0.202502271554\db\plugins\mcufinder\reactClient1\index.html
2025-04-29 20:27:56,889 [INFO] WebApp:194 - Connection lost
