2025-05-04 09:35:14,307 [INFO] WebApp:194 - Connection lost
2025-05-04 09:35:14,524 [INFO] WebApp:191 - Connection restablished
2025-05-04 09:35:16,250 [INFO] WebApp:194 - Connection lost
2025-05-04 09:35:16,412 [INFO] WebApp:191 - Connection restablished
2025-05-04 09:35:19,237 [INFO] WebApp:194 - Connection lost
2025-05-04 12:36:15,311 [INFO] WebApp:191 - Connection restablished
2025-05-04 12:36:15,783 [INFO] WebApp:194 - Connection lost
2025-05-04 12:36:15,885 [INFO] WebApp:191 - Connection restablished
2025-05-04 13:11:12,672 [INFO] Activator:176 - 


2025-05-04 13:11:12,677 [INFO] Activator:177 - !SESSION log4j initialized
2025-05-04 13:11:31,459 [INFO] LogOutputStream:77 - [STDOUT_REDIRECT] 
2025-05-04 13:11:34,825 [INFO] ApplicationProperties:184 - Using Application install path: C:\ST\STM32CubeIDE_1.18.0\STM32CubeIDE\plugins\com.st.stm32cube.common.mx_6.14.0.202502271554
2025-05-04 13:11:34,860 [INFO] DbMcusXml:78 - Set database path to: C:\ST\STM32CubeIDE_1.18.0\STM32CubeIDE\plugins\com.st.stm32cube.common.mx_6.14.0.202502271554\\db\/mcu/
2025-05-04 13:11:34,861 [INFO] ApiDb:274 - Set plugin database path to: C:\ST\STM32CubeIDE_1.18.0\STM32CubeIDE\plugins\com.st.stm32cube.common.mx_6.14.0.202502271554\\db\/plugins/boardmanager/
2025-05-04 13:11:34,861 [WARN] ApiDb:259 - Overriding images path with different value:  => C:\ST\STM32CubeIDE_1.18.0\STM32CubeIDE\plugins\com.st.stm32cube.common.mx_6.14.0.202502271554\\db\/plugins/mcufinder/images/
2025-05-04 13:11:34,882 [INFO] ApiDb:250 - Set database path to: C:\Users\sarab\.stmcufinder\plugins\mcufinder//mcu/
2025-05-04 13:11:34,885 [INFO] DbMcusAds:125 - Set database path to: C:\Users\sarab\.stmcufinder\plugins\mcufinder//mcu/
2025-05-04 13:11:34,890 [INFO] CrossReferenceDbSqlite:203 - Set database path to: C:\Users\sarab\.stmcufinder\plugins\mcufinder//mcu/cs/
2025-05-04 13:11:35,134 [INFO] RulesReader:64 - Compatibility file has been processed (301 Rules)
2025-05-04 13:11:35,338 [INFO] DbMcusXml:78 - Set database path to: C:\ST\STM32CubeIDE_1.18.0\STM32CubeIDE\plugins\com.st.stm32cube.common.mx_6.14.0.202502271554\\db\/mcu/
2025-05-04 13:11:35,338 [INFO] ApiDb:274 - Set plugin database path to: C:\ST\STM32CubeIDE_1.18.0\STM32CubeIDE\plugins\com.st.stm32cube.common.mx_6.14.0.202502271554\\db\/plugins/boardmanager/
2025-05-04 13:11:35,339 [INFO] ApiDb:261 - Set plugin images path to: C:\ST\STM32CubeIDE_1.18.0\STM32CubeIDE\plugins\com.st.stm32cube.common.mx_6.14.0.202502271554\\db\/plugins/mcufinder/images/
2025-05-04 13:11:35,339 [WARN] DbFile:41 - Overriding database path with different value: C:\Users\sarab\.stmcufinder\plugins\mcufinder/ => C:\Users\sarab\.stmcufinder\plugins\mcufinder
2025-05-04 13:11:35,340 [INFO] ApiDb:250 - Set database path to: C:\Users\sarab\.stmcufinder\plugins\mcufinder//mcu/
2025-05-04 13:11:35,340 [WARN] DbFile:41 - Overriding database path with different value: C:\Users\sarab\.stmcufinder\plugins\mcufinder/ => C:\Users\sarab\.stmcufinder\plugins\mcufinder
2025-05-04 13:11:35,340 [INFO] DbMcusAds:125 - Set database path to: C:\Users\sarab\.stmcufinder\plugins\mcufinder//mcu/
2025-05-04 13:11:35,340 [WARN] DbFile:41 - Overriding database path with different value: C:\Users\sarab\.stmcufinder\plugins\mcufinder/ => C:\Users\sarab\.stmcufinder\plugins\mcufinder
2025-05-04 13:11:35,340 [WARN] DbFile:41 - Overriding database path with different value: C:\Users\sarab\.stmcufinder\plugins\mcufinder/ => C:\Users\sarab\.stmcufinder\plugins\mcufinder
2025-05-04 13:11:35,340 [INFO] CrossReferenceDbSqlite:203 - Set database path to: C:\Users\sarab\.stmcufinder\plugins\mcufinder//mcu/cs/
2025-05-04 13:11:35,507 [INFO] MainPanel:272 - HeapMemory: 268435456
2025-05-04 13:11:35,714 [INFO] DbMcusXml:78 - Set database path to: C:\ST\STM32CubeIDE_1.18.0\STM32CubeIDE\plugins\com.st.stm32cube.common.mx_6.14.0.202502271554\\db\/mcu/
2025-05-04 13:11:35,714 [INFO] ApiDb:274 - Set plugin database path to: C:\ST\STM32CubeIDE_1.18.0\STM32CubeIDE\plugins\com.st.stm32cube.common.mx_6.14.0.202502271554\\db\/plugins/boardmanager/
2025-05-04 13:11:35,714 [INFO] ApiDb:261 - Set plugin images path to: C:\ST\STM32CubeIDE_1.18.0\STM32CubeIDE\plugins\com.st.stm32cube.common.mx_6.14.0.202502271554\\db\/plugins/mcufinder/images/
2025-05-04 13:11:35,715 [WARN] DbFile:41 - Overriding database path with different value: C:\Users\sarab\.stmcufinder\plugins\mcufinder/ => C:\Users\sarab\.stmcufinder\plugins\mcufinder
2025-05-04 13:11:35,715 [INFO] ApiDb:250 - Set database path to: C:\Users\sarab\.stmcufinder\plugins\mcufinder//mcu/
2025-05-04 13:11:35,715 [WARN] DbFile:41 - Overriding database path with different value: C:\Users\sarab\.stmcufinder\plugins\mcufinder/ => C:\Users\sarab\.stmcufinder\plugins\mcufinder
2025-05-04 13:11:35,716 [INFO] DbMcusAds:125 - Set database path to: C:\Users\sarab\.stmcufinder\plugins\mcufinder//mcu/
2025-05-04 13:11:35,716 [WARN] DbFile:41 - Overriding database path with different value: C:\Users\sarab\.stmcufinder\plugins\mcufinder/ => C:\Users\sarab\.stmcufinder\plugins\mcufinder
2025-05-04 13:11:35,716 [WARN] DbFile:41 - Overriding database path with different value: C:\Users\sarab\.stmcufinder\plugins\mcufinder/ => C:\Users\sarab\.stmcufinder\plugins\mcufinder
2025-05-04 13:11:35,716 [INFO] CrossReferenceDbSqlite:203 - Set database path to: C:\Users\sarab\.stmcufinder\plugins\mcufinder//mcu/cs/
2025-05-04 13:11:35,752 [INFO] ApplicationProperties:184 - Using Application install path: C:\ST\STM32CubeIDE_1.18.0\STM32CubeIDE\plugins\com.st.stm32cube.common.mx_6.14.0.202502271554
2025-05-04 13:11:35,755 [INFO] PluginManage:196 - Search for loadable plugins [exclusion list=, ]
2025-05-04 13:11:35,758 [INFO] PluginManage:310 - Check plugin analytics
2025-05-04 13:11:36,090 [INFO] AnalyticsPlugin:253 - Accepted Software Licenses: 
2025-05-04 13:11:36,090 [INFO] AnalyticsPlugin:255 - Accepted CMSIS Pack Licenses: 
2025-05-04 13:11:36,090 [INFO] AnalyticsPlugin:257 - Accepted Firmware Licenses: 
2025-05-04 13:11:36,095 [INFO] PluginManage:359 - Loaded plugin analytics (category:tool,tabindex:-1)
2025-05-04 13:11:36,096 [INFO] PluginManage:310 - Check plugin cadmodel
2025-05-04 13:11:36,109 [INFO] CADModel:105 - Init CAD model plugin
2025-05-04 13:11:36,110 [INFO] PluginManage:359 - Loaded plugin cadmodel (category:power,tabindex:5)
2025-05-04 13:11:36,110 [INFO] PluginManage:310 - Check plugin clock
2025-05-04 13:11:36,130 [INFO] PluginManage:359 - Loaded plugin clock (category:base,tabindex:2)
2025-05-04 13:11:36,130 [INFO] PluginManage:310 - Check plugin ddr
2025-05-04 13:11:36,135 [INFO] PluginManage:359 - Loaded plugin ddr (category:tool,tabindex:6)
2025-05-04 13:11:36,136 [INFO] PluginManage:310 - Check plugin filemanager
2025-05-04 13:11:36,418 [INFO] PluginManage:359 - Loaded plugin filemanager (category:base,tabindex:10)
2025-05-04 13:11:36,418 [INFO] PluginManage:310 - Check plugin ipmanager
2025-05-04 13:11:36,431 [INFO] PluginManage:359 - Loaded plugin ipmanager (category:base,tabindex:5)
2025-05-04 13:11:36,431 [INFO] PluginManage:310 - Check plugin lpbam
2025-05-04 13:11:36,446 [INFO] PluginManage:359 - Loaded plugin lpbam (category:base,tabindex:0)
2025-05-04 13:11:36,446 [INFO] PluginManage:310 - Check plugin memorymap
2025-05-04 13:11:36,473 [INFO] PluginManage:359 - Loaded plugin memorymap (category:base,tabindex:4)
2025-05-04 13:11:36,473 [INFO] PluginManage:310 - Check plugin pinoutandconfiguration
2025-05-04 13:11:36,490 [INFO] PluginManage:359 - Loaded plugin pinoutandconfiguration (category:base,tabindex:1)
2025-05-04 13:11:36,491 [INFO] PluginManage:310 - Check plugin pinoutconfig
2025-05-04 13:11:36,658 [WARN] SupportedApi:132 - Cannot load RTOS API schema: s4s-elt-must-match.1: The content of 'definitions' must match (annotation?, (simpleType | complexType)?, (unique | key | keyref)*)). A problem was found starting at: attribute.
2025-05-04 13:11:36,903 [INFO] PluginManage:359 - Loaded plugin pinoutconfig (category:base,tabindex:0)
2025-05-04 13:11:36,904 [INFO] PluginManage:310 - Check plugin power
2025-05-04 13:11:36,927 [INFO] PluginManage:359 - Loaded plugin power (category:power,tabindex:4)
2025-05-04 13:11:36,928 [INFO] PluginManage:310 - Check plugin projectmanager
2025-05-04 13:11:36,964 [INFO] PluginManage:359 - Loaded plugin projectmanager (category:projectmanager,tabindex:4)
2025-05-04 13:11:36,965 [INFO] PluginManage:310 - Check plugin rif
2025-05-04 13:11:36,981 [INFO] PluginManage:359 - Loaded plugin rif (category:base,tabindex:3)
2025-05-04 13:11:36,982 [INFO] PluginManage:310 - Check plugin thirdparty
2025-05-04 13:11:37,293 [WARN] IntegrityCheckThread:84 - waiting for thirdparty lock release [integrity check]
2025-05-04 13:11:37,293 [INFO] PluginManage:359 - Loaded plugin thirdparty (category:base,tabindex:-1)
2025-05-04 13:11:37,294 [INFO] IntegrityCheckThread:86 - entering critical section [integrity check]
2025-05-04 13:11:37,294 [INFO] PluginManage:310 - Check plugin tools
2025-05-04 13:11:37,294 [INFO] ThirdPartyUpdaterWithRetryManager:70 - Updater plugin not ready yet. [1/15]
2025-05-04 13:11:37,299 [INFO] PluginManage:359 - Loaded plugin tools (category:base,tabindex:7)
2025-05-04 13:11:37,299 [INFO] PluginManage:310 - Check plugin tutovideos
2025-05-04 13:11:37,704 [INFO] PluginManage:359 - Loaded plugin tutovideos (category:base,tabindex:-1)
2025-05-04 13:11:37,704 [INFO] PluginManage:310 - Check plugin updater
2025-05-04 13:11:37,760 [INFO] PluginManage:359 - Loaded plugin updater (category:base,tabindex:12)
2025-05-04 13:11:37,760 [INFO] PluginManage:310 - Check plugin userauth
2025-05-04 13:11:37,775 [INFO] UserAuth:118 - Init User Auth plugin
2025-05-04 13:11:37,777 [INFO] PluginManage:359 - Loaded plugin userauth (category:base,tabindex:14)
2025-05-04 13:11:37,778 [INFO] PluginManage:283 - PluginManage : Loaded plugins [18]
2025-05-04 13:11:38,238 [INFO] PinOutPanel:1589 - setPackage(No Configuration,No Configuration)
2025-05-04 13:11:38,404 [INFO] CADModel:165 - CPN selected for project level
2025-05-04 13:11:38,404 [INFO] CADModel:114 - Register for checkConnection events
2025-05-04 13:11:38,444 [INFO] IPUIPlugin:80 - create IPUIPlugin
2025-05-04 13:11:38,444 [INFO] PluginManager:220 - loadIPPluginJar : add adc
2025-05-04 13:11:38,451 [INFO] IPUIPlugin:80 - create IPUIPlugin
2025-05-04 13:11:38,452 [INFO] PluginManager:220 - loadIPPluginJar : add aes
2025-05-04 13:11:38,457 [INFO] IPUIPlugin:80 - create IPUIPlugin
2025-05-04 13:11:38,458 [INFO] PluginManager:220 - loadIPPluginJar : add can
2025-05-04 13:11:38,463 [INFO] IPUIPlugin:80 - create IPUIPlugin
2025-05-04 13:11:38,463 [INFO] PluginManager:220 - loadIPPluginJar : add comp
2025-05-04 13:11:38,468 [INFO] IPUIPlugin:80 - create IPUIPlugin
2025-05-04 13:11:38,468 [INFO] PluginManager:220 - loadIPPluginJar : add cryp
2025-05-04 13:11:38,475 [INFO] IPUIPlugin:80 - create IPUIPlugin
2025-05-04 13:11:38,475 [INFO] PluginManager:220 - loadIPPluginJar : add ddr_ctrl_phy
2025-05-04 13:11:38,479 [INFO] IPUIPlugin:80 - create IPUIPlugin
2025-05-04 13:11:38,480 [INFO] PluginManager:220 - loadIPPluginJar : add dfsdm
2025-05-04 13:11:38,490 [INFO] IPUIPlugin:80 - create IPUIPlugin
2025-05-04 13:11:38,491 [INFO] PluginManager:220 - loadIPPluginJar : add dma
2025-05-04 13:11:38,497 [INFO] IPUIPlugin:80 - create IPUIPlugin
2025-05-04 13:11:38,497 [INFO] PluginManager:220 - loadIPPluginJar : add dma3
2025-05-04 13:11:38,503 [INFO] IPUIPlugin:80 - create IPUIPlugin
2025-05-04 13:11:38,505 [INFO] PluginManager:220 - loadIPPluginJar : add extmemmanager
2025-05-04 13:11:38,508 [INFO] IPUIPlugin:80 - create IPUIPlugin
2025-05-04 13:11:38,509 [INFO] PluginManager:220 - loadIPPluginJar : add fatfs
2025-05-04 13:11:38,519 [INFO] IPUIPlugin:80 - create IPUIPlugin
2025-05-04 13:11:38,519 [INFO] PluginManager:220 - loadIPPluginJar : add fmc
2025-05-04 13:11:38,530 [INFO] IPUIPlugin:80 - create IPUIPlugin
2025-05-04 13:11:38,531 [INFO] PluginManager:220 - loadIPPluginJar : add freertos
2025-05-04 13:11:38,534 [INFO] IPUIPlugin:80 - create IPUIPlugin
2025-05-04 13:11:38,534 [INFO] PluginManager:220 - loadIPPluginJar : add genericplugin
2025-05-04 13:11:38,539 [INFO] IPUIPlugin:80 - create IPUIPlugin
2025-05-04 13:11:38,539 [INFO] PluginManager:220 - loadIPPluginJar : add gfxmmu
2025-05-04 13:11:38,548 [INFO] IPUIPlugin:80 - create IPUIPlugin
2025-05-04 13:11:38,548 [INFO] PluginManager:220 - loadIPPluginJar : add gic
2025-05-04 13:11:38,555 [INFO] IPUIPlugin:80 - create IPUIPlugin
2025-05-04 13:11:38,556 [INFO] PluginManager:220 - loadIPPluginJar : add gpio
2025-05-04 13:11:38,563 [INFO] IPUIPlugin:80 - create IPUIPlugin
2025-05-04 13:11:38,563 [INFO] PluginManager:220 - loadIPPluginJar : add gtzc
2025-05-04 13:11:38,568 [INFO] IPUIPlugin:80 - create IPUIPlugin
2025-05-04 13:11:38,568 [INFO] PluginManager:220 - loadIPPluginJar : add hash
2025-05-04 13:11:38,574 [INFO] IPUIPlugin:80 - create IPUIPlugin
2025-05-04 13:11:38,574 [INFO] PluginManager:220 - loadIPPluginJar : add i2c
2025-05-04 13:11:38,598 [INFO] IPUIPlugin:80 - create IPUIPlugin
2025-05-04 13:11:38,599 [INFO] PluginManager:220 - loadIPPluginJar : add i2s
2025-05-04 13:11:38,610 [INFO] IPUIPlugin:80 - create IPUIPlugin
2025-05-04 13:11:38,611 [INFO] PluginManager:220 - loadIPPluginJar : add i3c
2025-05-04 13:11:38,618 [INFO] IPUIPlugin:80 - create IPUIPlugin
2025-05-04 13:11:38,619 [INFO] PluginManager:220 - loadIPPluginJar : add ipddr
2025-05-04 13:11:38,635 [INFO] IPUIPlugin:80 - create IPUIPlugin
2025-05-04 13:11:38,637 [INFO] PluginManager:220 - loadIPPluginJar : add linkedlist
2025-05-04 13:11:38,646 [INFO] IPUIPlugin:80 - create IPUIPlugin
2025-05-04 13:11:38,647 [INFO] PluginManager:220 - loadIPPluginJar : add lorawan
2025-05-04 13:11:38,650 [INFO] IPUIPlugin:80 - create IPUIPlugin
2025-05-04 13:11:38,650 [INFO] PluginManager:220 - loadIPPluginJar : add ltdc
2025-05-04 13:11:38,661 [INFO] IPUIPlugin:80 - create IPUIPlugin
2025-05-04 13:11:38,661 [INFO] PluginManager:220 - loadIPPluginJar : add mdma
2025-05-04 13:11:38,668 [INFO] IPUIPlugin:80 - create IPUIPlugin
2025-05-04 13:11:38,668 [INFO] PluginManager:220 - loadIPPluginJar : add nvic
2025-05-04 13:11:38,674 [INFO] IPUIPlugin:80 - create IPUIPlugin
2025-05-04 13:11:38,676 [INFO] PluginManager:220 - loadIPPluginJar : add opamp
2025-05-04 13:11:38,682 [INFO] IPUIPlugin:80 - create IPUIPlugin
2025-05-04 13:11:38,682 [INFO] PluginManager:220 - loadIPPluginJar : add openamp
2025-05-04 13:11:38,688 [INFO] IPUIPlugin:80 - create IPUIPlugin
2025-05-04 13:11:38,688 [INFO] PluginManager:220 - loadIPPluginJar : add pdm2pcm
2025-05-04 13:11:38,700 [INFO] IPUIPlugin:80 - create IPUIPlugin
2025-05-04 13:11:38,704 [INFO] PluginManager:220 - loadIPPluginJar : add plateformsettings
2025-05-04 13:11:38,707 [INFO] IPUIPlugin:80 - create IPUIPlugin
2025-05-04 13:11:38,708 [INFO] PluginManager:220 - loadIPPluginJar : add quadspi
2025-05-04 13:11:38,712 [INFO] IPUIPlugin:80 - create IPUIPlugin
2025-05-04 13:11:38,713 [INFO] PluginManager:220 - loadIPPluginJar : add radio
2025-05-04 13:11:38,721 [INFO] IPUIPlugin:80 - create IPUIPlugin
2025-05-04 13:11:38,721 [INFO] PluginManager:220 - loadIPPluginJar : add resmgrutility
2025-05-04 13:11:38,727 [INFO] IPUIPlugin:80 - create IPUIPlugin
2025-05-04 13:11:38,727 [INFO] PluginManager:220 - loadIPPluginJar : add sai
2025-05-04 13:11:38,732 [INFO] IPUIPlugin:80 - create IPUIPlugin
2025-05-04 13:11:38,733 [INFO] PluginManager:220 - loadIPPluginJar : add spi
2025-05-04 13:11:38,746 [INFO] IPUIPlugin:80 - create IPUIPlugin
2025-05-04 13:11:38,746 [INFO] PluginManager:220 - loadIPPluginJar : add stm32_wpan
2025-05-04 13:11:38,750 [INFO] IPUIPlugin:80 - create IPUIPlugin
2025-05-04 13:11:38,750 [INFO] PluginManager:220 - loadIPPluginJar : add tim
2025-05-04 13:11:38,758 [INFO] IPUIPlugin:80 - create IPUIPlugin
2025-05-04 13:11:38,758 [INFO] PluginManager:220 - loadIPPluginJar : add touchsensing
2025-05-04 13:11:38,765 [INFO] IPUIPlugin:80 - create IPUIPlugin
2025-05-04 13:11:38,765 [INFO] PluginManager:220 - loadIPPluginJar : add tracer_emb
2025-05-04 13:11:38,769 [INFO] IPUIPlugin:80 - create IPUIPlugin
2025-05-04 13:11:38,770 [INFO] PluginManager:220 - loadIPPluginJar : add ts
2025-05-04 13:11:38,774 [INFO] IPUIPlugin:80 - create IPUIPlugin
2025-05-04 13:11:38,774 [INFO] PluginManager:220 - loadIPPluginJar : add tsc
2025-05-04 13:11:38,779 [INFO] IPUIPlugin:80 - create IPUIPlugin
2025-05-04 13:11:38,779 [INFO] PluginManager:220 - loadIPPluginJar : add ucpd
2025-05-04 13:11:38,784 [INFO] IPUIPlugin:80 - create IPUIPlugin
2025-05-04 13:11:38,784 [INFO] PluginManager:220 - loadIPPluginJar : add usart
2025-05-04 13:11:38,791 [INFO] IPUIPlugin:80 - create IPUIPlugin
2025-05-04 13:11:38,791 [INFO] PluginManager:220 - loadIPPluginJar : add usbx
2025-05-04 13:11:38,973 [FATAL] Updater:351 - Updater called before beeing initialized
2025-05-04 13:11:39,018 [INFO] RulesReader:64 - Compatibility file has been processed (301 Rules)
2025-05-04 13:11:39,037 [INFO] RulesReader:64 - Compatibility file has been processed (301 Rules)
2025-05-04 13:11:39,058 [INFO] CADModel:165 - CPN selected for project level
2025-05-04 13:11:39,058 [INFO] CADModel:114 - Register for checkConnection events
2025-05-04 13:11:39,058 [FATAL] Updater:351 - Updater called before beeing initialized
2025-05-04 13:11:39,058 [ERROR] CADModel:125 - Updater not yet initialized, retry later 
2025-05-04 13:11:39,472 [FATAL] Updater:351 - Updater called before beeing initialized
2025-05-04 13:11:39,481 [INFO] CADModel:165 - CPN selected for project level
2025-05-04 13:11:39,482 [INFO] CADModel:114 - Register for checkConnection events
2025-05-04 13:11:39,482 [FATAL] Updater:351 - Updater called before beeing initialized
2025-05-04 13:11:39,483 [ERROR] CADModel:125 - Updater not yet initialized, retry later 
2025-05-04 13:11:39,562 [FATAL] Updater:351 - Updater called before beeing initialized
2025-05-04 13:11:39,945 [FATAL] Updater:351 - Updater called before beeing initialized
2025-05-04 13:11:39,956 [INFO] DbMcusAds:53 - JSON generation date=Thu Mar 06 06:54:21 PST 2025 (1741272861825)
2025-05-04 13:11:39,957 [FATAL] Updater:351 - Updater called before beeing initialized
2025-05-04 13:11:40,044 [WARN] DetailPanel:346 - Failed to get advertising image, set to default
2025-05-04 13:11:40,297 [INFO] ThirdPartyUpdaterWithRetryManager:70 - Updater plugin not ready yet. [2/15]
2025-05-04 13:11:40,551 [FATAL] Updater:351 - Updater called before beeing initialized
2025-05-04 13:11:40,555 [FATAL] Updater:351 - Updater called before beeing initialized
2025-05-04 13:11:40,556 [FATAL] Updater:351 - Updater called before beeing initialized
2025-05-04 13:11:40,556 [WARN] DetailPanel:346 - Failed to get advertising image, set to default
2025-05-04 13:11:40,557 [FATAL] Updater:351 - Updater called before beeing initialized
2025-05-04 13:11:40,668 [ERROR] Updater:1198 - MainUpdater not yet initialized. External WinMGr cannot be set.
2025-05-04 13:11:40,672 [INFO] Updater:1134 - Updater Version found : 6.14.0
2025-05-04 13:11:40,709 [INFO] ApplicationProperties:184 - Using Application install path: C:\ST\STM32CubeIDE_1.18.0\STM32CubeIDE\plugins\com.st.stm32cube.common.mx_6.14.0.202502271554
2025-05-04 13:11:42,302 [ERROR] LogOutputStream:75 - [STDERR_REDIRECT] May 04, 2025 1:11:42 PM java.util.prefs.WindowsPreferences <init>
2025-05-04 13:11:42,303 [ERROR] LogOutputStream:75 - [STDERR_REDIRECT] WARNING: Could not open/create prefs root node Software\JavaSoft\Prefs at root 0xffffffff80000002. Windows RegCreateKeyEx(...) returned error code 5.
2025-05-04 13:11:42,303 [ERROR] LogOutputStream:75 - [STDERR_REDIRECT] 
2025-05-04 13:11:42,873 [INFO] MainUpdater:2872 - connection check result : 10
2025-05-04 13:11:42,873 [INFO] MainUpdater:3566 - Updater definition file requires update
2025-05-04 13:11:42,876 [INFO] MainUpdater:289 - Updater Check For Update Now.
2025-05-04 13:11:42,877 [INFO] MicroXplorer:498 - Change Database Version : DB.6.0.140
2025-05-04 13:11:42,907 [INFO] McuFinderGlobals:63 - Set McuFinder mode to 2 (CubeIDE integrated)
2025-05-04 13:11:42,908 [INFO] UserAuth:171 - activating auth plugin
2025-05-04 13:11:42,916 [INFO] UserAuth:486 - Internet connection configuration mode: 1
2025-05-04 13:11:42,959 [INFO] JxBrowserEngine:152 - Initiate JxBrowser Engine with user profile folder
2025-05-04 13:11:43,004 [INFO] ServerAccessManage:473 - Download File updaters.zip
2025-05-04 13:11:43,261 [INFO] FileExtend:242 - Unzip File : updaters.zip
2025-05-04 13:11:43,262 [INFO] FileExtend:257 - Standard Zip Deflate
2025-05-04 13:11:43,299 [WARN] MainUpdater:1193 - Updater busy. Cannot search thirdparties
2025-05-04 13:11:43,300 [INFO] ThirdPartyUpdaterWithRetryManager:96 - Updater plugin is busy. [1/15]
2025-05-04 13:11:44,816 [INFO] ServerAccessManage:473 - Download File PacksControlFlags.xml
2025-05-04 13:11:44,935 [INFO] ServerAccessManage:473 - Download File cubemx.pidx
2025-05-04 13:11:46,302 [WARN] MainUpdater:1193 - Updater busy. Cannot search thirdparties
2025-05-04 13:11:46,303 [INFO] ThirdPartyUpdaterWithRetryManager:96 - Updater plugin is busy. [2/15]
2025-05-04 13:11:47,892 [INFO] ServerAccessManage:473 - Download File STMicroelectronics.X-CUBE-NFC7.pdsc
2025-05-04 13:11:49,305 [WARN] MainUpdater:1193 - Updater busy. Cannot search thirdparties
2025-05-04 13:11:49,306 [INFO] ThirdPartyUpdaterWithRetryManager:96 - Updater plugin is busy. [3/15]
2025-05-04 13:11:51,560 [INFO] CheckServerUpdateThread:120 - End of CheckServer Thread
2025-05-04 13:11:51,902 [WARN] PackLoader:240 - Cannot read IP mode file for STMicroelectronics.X-CUBE-NFC7.2.0.0
2025-05-04 13:11:51,916 [INFO] PopulateThirdPartyThread:66 - Ending populate Thread
2025-05-04 13:11:51,924 [INFO] ThirdParty:1030 - CMSIS Pack Vendor :STMicroelectronics X-CUBE-NFC7 2.0.0
2025-05-04 13:11:51,924 [INFO] LoadServerUpdatesThread:375 - End of LoadServerUpdate Thread
2025-05-04 13:11:53,713 [WARN] PackLoader:240 - Cannot read IP mode file for STMicroelectronics.FP-SNS-MOTENVWB1.1.4.0
2025-05-04 13:11:53,747 [WARN] PackLoader:240 - Cannot read IP mode file for STMicroelectronics.FP-ATR-ASTRA1.2.0.2
2025-05-04 13:11:53,820 [WARN] PackLoader:240 - Cannot read IP mode file for STMicroelectronics.X-CUBE-SMBUS.2.1.0
2025-05-04 13:11:53,842 [WARN] PackLoader:240 - Cannot read IP mode file for STMicroelectronics.X-CUBE-WB05N.1.1.0
2025-05-04 13:11:53,981 [WARN] PackLoader:240 - Cannot read IP mode file for STMicroelectronics.X-CUBE-AZRTOS-F7.1.1.0
2025-05-04 13:11:54,009 [WARN] PackLoader:240 - Cannot read IP mode file for STMicroelectronics.FP-SNS-FLIGHT1.5.0.2
2025-05-04 13:11:54,059 [WARN] PackLoader:240 - Cannot read IP mode file for Infineon.AIROC-Wi-Fi-Bluetooth-STM32.1.7.0
2025-05-04 13:11:54,092 [WARN] PackLoader:240 - Cannot read IP mode file for STMicroelectronics.X-CUBE-DISPLAY.3.0.0
2025-05-04 13:11:54,133 [WARN] PackLoader:240 - Cannot read IP mode file for STMicroelectronics.X-CUBE-BLE1.7.0.0
2025-05-04 13:11:54,163 [WARN] PackLoader:240 - Cannot read IP mode file for STMicroelectronics.X-CUBE-NFC10.1.0.0
2025-05-04 13:11:54,205 [WARN] PackLoader:240 - Cannot read IP mode file for STMicroelectronics.X-CUBE-BLEMGR.4.0.0
2025-05-04 13:11:54,223 [WARN] PackLoader:240 - Cannot read IP mode file for emotas.I-CUBE-CANOPEN.1.3.0
2025-05-04 13:11:54,233 [WARN] PackLoader:240 - Cannot read IP mode file for STMicroelectronics.X-CUBE-AI.10.0.0
2025-05-04 13:11:54,244 [WARN] PackLoader:240 - Cannot read IP mode file for STMicroelectronics.FP-SNS-SMARTAG2.1.2.0
2025-05-04 13:11:54,254 [WARN] PackLoader:240 - Cannot read IP mode file for STMicroelectronics.FP-SNS-FLIGHT1.5.1.0
2025-05-04 13:11:54,290 [INFO] WebApp:169 - Instantiating new browser for Auth
2025-05-04 13:11:54,362 [WARN] PackLoader:240 - Cannot read IP mode file for STMicroelectronics.X-CUBE-MEMS1.11.1.0
2025-05-04 13:11:55,134 [INFO] LogOutputStream:77 - [STDOUT_REDIRECT] 1 : Invalid condition id : UX_CORESTACK_Condition cause : null
2025-05-04 13:11:55,142 [INFO] LogOutputStream:77 - [STDOUT_REDIRECT] 1 : Invalid condition id : UX_CORESTACK_Condition cause : null
2025-05-04 13:11:55,153 [INFO] LogOutputStream:77 - [STDOUT_REDIRECT] 1 : Invalid condition id : UX_CORESTACK_Condition cause : null
2025-05-04 13:11:55,163 [INFO] LogOutputStream:77 - [STDOUT_REDIRECT] 1 : Invalid condition id : UX_CORESTACK_Condition cause : null
2025-05-04 13:11:55,172 [INFO] LogOutputStream:77 - [STDOUT_REDIRECT] 1 : Invalid condition id : UX_CORESTACK_Condition cause : null
2025-05-04 13:11:55,185 [WARN] PackLoader:240 - Cannot read IP mode file for STMicroelectronics.X-CUBE-AZRTOS-WL.2.0.0
2025-05-04 13:11:55,220 [WARN] PackLoader:240 - Cannot read IP mode file for STMicroelectronics.FP-SNS-MOTENV1.5.0.0
2025-05-04 13:11:55,314 [WARN] PackLoader:240 - Cannot read IP mode file for WES.I-CUBE-Cesium.1.3.0
2025-05-04 13:11:55,341 [WARN] PackLoader:240 - Cannot read IP mode file for STMicroelectronics.X-CUBE-BLE2.3.3.0
2025-05-04 13:11:55,379 [WARN] PackLoader:240 - Cannot read IP mode file for STMicroelectronics.X-CUBE-NFC9.1.0.0
2025-05-04 13:11:55,409 [WARN] PackLoader:240 - Cannot read IP mode file for STMicroelectronics.X-CUBE-BLE1.7.1.0
2025-05-04 13:11:55,430 [WARN] PackLoader:240 - Cannot read IP mode file for wolfSSL.I-CUBE-wolfMQTT.1.19.2
2025-05-04 13:11:55,637 [WARN] PackLoader:240 - Cannot read IP mode file for STMicroelectronics.X-CUBE-MEMS1.11.2.0
2025-05-04 13:11:56,295 [WARN] PackLoader:240 - Cannot read IP mode file for STMicroelectronics.X-CUBE-AZRTOS-G0.1.1.0
2025-05-04 13:11:56,339 [WARN] PackLoader:240 - Cannot read IP mode file for STMicroelectronics.X-CUBE-SAFEA1.1.2.2
2025-05-04 13:11:56,372 [WARN] PackLoader:240 - Cannot read IP mode file for STMicroelectronics.X-CUBE-NFC4.3.0.0
2025-05-04 13:11:56,419 [WARN] PackLoader:240 - Cannot read IP mode file for EmbeddedOffice.I-CUBE-FS-RTOS.1.0.1
2025-05-04 13:11:56,438 [WARN] PackLoader:240 - Cannot read IP mode file for STMicroelectronics.X-CUBE-WB05N.2.0.0
2025-05-04 13:11:56,457 [WARN] PackLoader:240 - Cannot read IP mode file for wolfSSL.I-CUBE-wolfTPM.3.8.0
2025-05-04 13:11:56,486 [WARN] PackLoader:240 - Cannot read IP mode file for STMicroelectronics.X-CUBE-TCPP.4.2.0
2025-05-04 13:11:56,518 [WARN] PackLoader:240 - Cannot read IP mode file for RealThread.X-CUBE-RT-Thread_Nano.4.1.1
2025-05-04 13:11:56,538 [WARN] PackLoader:240 - Cannot read IP mode file for STMicroelectronics.FP-ATR-SIGFOX1.3.2.0
2025-05-04 13:11:56,568 [WARN] ConditionMgr:438 - getConditionDescription Invalid condition id : Cortex-A Device cause : null
2025-05-04 13:11:56,655 [WARN] ConditionMgr:1044 - genDependencies : Invalid condition id : Cortex-A Device cause : null
2025-05-04 13:11:56,656 [WARN] ConditionMgr:1044 - genDependencies : Invalid condition id : Cortex-A Device cause : null
2025-05-04 13:11:56,656 [WARN] ConditionMgr:1044 - genDependencies : Invalid condition id : Cortex-A Device cause : null
2025-05-04 13:11:56,684 [WARN] PackLoader:240 - Cannot read IP mode file for STMicroelectronics.X-CUBE-EEPRMA1.5.1.0
2025-05-04 13:11:56,717 [WARN] PackLoader:240 - Cannot read IP mode file for wolfSSL.I-CUBE-wolfSSL.5.7.6
2025-05-04 13:11:56,752 [WARN] PackLoader:240 - Cannot read IP mode file for ITTIA_DB.I-CUBE-ITTIADB.8.9.0
2025-05-04 13:11:56,827 [WARN] PackLoader:240 - Cannot read IP mode file for SEGGER.I-CUBE-embOS.1.3.1
2025-05-04 13:11:56,928 [WARN] PackLoader:240 - Cannot read IP mode file for STMicroelectronics.X-CUBE-ALGOBUILD.1.4.0
2025-05-04 13:11:56,981 [WARN] PackLoader:240 - Cannot read IP mode file for STMicroelectronics.X-CUBE-AZRTOS-F4.1.1.0
2025-05-04 13:11:57,001 [WARN] PackLoader:240 - Cannot read IP mode file for Avnet-IotConnect.X-CUBE-IoTC-DA16k-PMOD.1.0.0
2025-05-04 13:11:57,015 [WARN] PackLoader:240 - Cannot read IP mode file for STMicroelectronics.X-CUBE-ISPU.2.1.0
2025-05-04 13:11:57,048 [WARN] PackLoader:240 - Cannot read IP mode file for STMicroelectronics.X-CUBE-AZRTOS-L5.2.0.0
2025-05-04 13:11:57,073 [WARN] PackLoader:240 - Cannot read IP mode file for STMicroelectronics.X-CUBE-NFC6.3.1.0
2025-05-04 13:11:57,091 [WARN] PackLoader:240 - Cannot read IP mode file for STMicroelectronics.X-CUBE-DPower.1.2.0
2025-05-04 13:11:57,103 [WARN] PackLoader:240 - Cannot read IP mode file for STMicroelectronics.X-CUBE-FREERTOS.1.3.0
2025-05-04 13:11:57,113 [WARN] PackLoader:240 - Cannot read IP mode file for STMicroelectronics.X-CUBE-NFC7.1.0.1
2025-05-04 13:11:57,123 [WARN] PackLoader:240 - Cannot read IP mode file for STMicroelectronics.X-CUBE-DPower.1.3.0
2025-05-04 13:11:57,150 [WARN] ConditionMgr:438 - getConditionDescription Invalid condition id : LAN8742 Phy interface Condition cause : null
2025-05-04 13:11:57,151 [WARN] PackLoader:240 - Cannot read IP mode file for STMicroelectronics.X-CUBE-AZRTOS-L4.2.0.0
2025-05-04 13:11:57,153 [WARN] ConditionMgr:1044 - genDependencies : Invalid condition id : LAN8742 Phy interface Condition cause : null
2025-05-04 13:11:57,153 [WARN] ConditionMgr:1044 - genDependencies : Invalid condition id : LAN8742 Phy interface Condition cause : null
2025-05-04 13:11:57,154 [WARN] ConditionMgr:1044 - genDependencies : Invalid condition id : LAN8742 Phy interface Condition cause : null
2025-05-04 13:11:57,166 [WARN] PackLoader:240 - Cannot read IP mode file for STMicroelectronics.X-CUBE-SFXS2LP1.4.0.0
2025-05-04 13:11:57,195 [WARN] PackLoader:240 - Cannot read IP mode file for STMicroelectronics.X-CUBE-AZRTOS-H7.3.3.0
2025-05-04 13:11:57,224 [WARN] ConditionMgr:438 - getConditionDescription Invalid condition id : UX DEVICE CLASS RTOS Condition cause : null
2025-05-04 13:11:57,225 [WARN] ConditionMgr:438 - getConditionDescription Invalid condition id : UX DEVICE CLASS RTOS Condition cause : null
2025-05-04 13:11:57,228 [WARN] PackLoader:240 - Cannot read IP mode file for STMicroelectronics.X-CUBE-AZRTOS-WB.2.0.0
2025-05-04 13:11:57,230 [WARN] ConditionMgr:1044 - genDependencies : Invalid condition id : UX DEVICE CLASS RTOS Condition cause : null
2025-05-04 13:11:57,230 [WARN] ConditionMgr:1044 - genDependencies : Invalid condition id : UX DEVICE CLASS RTOS Condition cause : null
2025-05-04 13:11:57,230 [WARN] ConditionMgr:1044 - genDependencies : Invalid condition id : UX DEVICE CLASS RTOS Condition cause : null
2025-05-04 13:11:57,231 [WARN] ConditionMgr:1044 - genDependencies : Invalid condition id : UX DEVICE CLASS RTOS Condition cause : null
2025-05-04 13:11:57,231 [WARN] ConditionMgr:1044 - genDependencies : Invalid condition id : UX DEVICE CLASS RTOS Condition cause : null
2025-05-04 13:11:57,242 [WARN] PackLoader:240 - Cannot read IP mode file for STMicroelectronics.X-CUBE-GNSS1.7.0.1
2025-05-04 13:11:57,257 [WARN] PackLoader:240 - Cannot read IP mode file for STMicroelectronics.X-CUBE-TOUCHGFX.4.25.0
2025-05-04 13:11:57,270 [WARN] PackLoader:240 - Cannot read IP mode file for STMicroelectronics.FP-SNS-STBOX1.2.0.0
2025-05-04 13:11:57,291 [WARN] PackLoader:240 - Cannot read IP mode file for STMicroelectronics.X-CUBE-SUBG2.5.0.0
2025-05-04 13:11:57,374 [WARN] PackLoader:240 - Cannot read IP mode file for STMicroelectronics.X-CUBE-AZRTOS-H7RS.1.1.0
2025-05-04 13:11:57,394 [WARN] PackLoader:240 - Cannot read IP mode file for Cesanta.I-CUBE-Mongoose.7.13.0
2025-05-04 13:11:57,438 [WARN] PackLoader:240 - Cannot read IP mode file for STMicroelectronics.X-CUBE-AZRTOS-G4.2.0.0
2025-05-04 13:11:57,455 [WARN] PackLoader:240 - Cannot read IP mode file for wolfSSL.I-CUBE-wolfSSH.1.4.20
2025-05-04 13:11:57,472 [WARN] PackLoader:240 - Cannot read IP mode file for STMicroelectronics.X-CUBE-NFC7.2.0.0
2025-05-04 13:11:57,632 [WARN] PackLoader:240 - Cannot read IP mode file for STMicroelectronics.X-CUBE-IPS.3.1.0
2025-05-04 13:11:57,666 [WARN] PackLoader:240 - Cannot read IP mode file for STMicroelectronics.X-CUBE-ALS.1.0.2
2025-05-04 13:11:57,678 [WARN] PackLoader:240 - Cannot read IP mode file for STMicroelectronics.X-CUBE-TOUCHGFX.4.24.2
2025-05-04 13:11:57,701 [WARN] PackLoader:240 - Cannot read IP mode file for portGmbH.I-Cube-SoM-uGOAL.1.1.0
2025-05-04 13:11:57,756 [WARN] PackLoader:240 - Cannot read IP mode file for STMicroelectronics.X-CUBE-AZRTOS-H7RS.1.0.0
2025-05-04 13:11:57,805 [WARN] PackLoader:240 - Cannot read IP mode file for STMicroelectronics.X-CUBE-TOF1.3.4.2
2025-05-04 13:11:57,874 [WARN] PackLoader:240 - Cannot read IP mode file for STMicroelectronics.X-CUBE-TOF1.3.4.3
2025-05-04 13:11:57,933 [INFO] ThirdParty:978 - Integrity check success = true
2025-05-04 13:11:57,934 [INFO] IntegrityCheckThread:100 - exiting critical section [integrity check]
2025-05-04 13:11:57,935 [INFO] IntegrityCheckThread:103 - End integrity checks thread
2025-05-04 13:12:01,102 [INFO] WebApp:463 - Apply proxy settings
2025-05-04 13:12:01,104 [INFO] WebApp:548 - Chromium requires no authentication
2025-05-04 13:12:01,146 [INFO] WebApp:491 - Direct internet connection detected
2025-05-04 13:12:01,214 [INFO] WebApp:894 - Register for checkConnection events
2025-05-04 13:12:01,214 [INFO] WebApp:463 - Apply proxy settings
2025-05-04 13:12:01,215 [INFO] WebApp:548 - Chromium requires no authentication
2025-05-04 13:12:01,216 [INFO] WebApp:491 - Direct internet connection detected
2025-05-04 13:12:01,488 [INFO] WebApp:191 - Connection restablished
2025-05-04 13:12:01,894 [INFO] WebApp:225 - Starting web application
2025-05-04 13:12:01,895 [INFO] WebApp:593 - Web application path used C:\ST\STM32CubeIDE_1.18.0\STM32CubeIDE\plugins\com.st.stm32cube.common.mx_6.14.0.202502271554\db\plugins\mcufinder\reactClient1\index.html
2025-05-04 14:24:05,283 [INFO] WebApp:194 - Connection lost
2025-05-04 14:24:05,551 [INFO] WebApp:191 - Connection restablished
2025-05-04 14:30:51,189 [INFO] WebApp:194 - Connection lost
2025-05-04 14:30:51,353 [INFO] WebApp:191 - Connection restablished
